SF:lib/data_models/data.dart
DA:45,0
DA:46,0
DA:47,0
DA:49,0
DA:50,0
DA:58,0
DA:59,0
DA:60,0
DA:62,0
DA:63,0
DA:65,0
DA:73,0
DA:74,0
DA:75,0
DA:76,0
DA:86,0
DA:87,0
DA:88,0
DA:89,0
DA:90,0
DA:91,0
DA:92,0
DA:93,0
DA:94,0
DA:99,0
DA:100,0
DA:101,0
DA:102,0
DA:103,0
DA:104,0
DA:107,0
DA:108,0
DA:109,0
DA:110,0
DA:111,0
DA:112,0
DA:115,0
DA:124,0
DA:125,0
DA:134,0
DA:135,0
DA:146,0
DA:147,0
DA:148,0
DA:149,0
DA:154,0
DA:155,0
DA:156,0
DA:157,0
DA:163,0
DA:164,0
LF:51
LH:0
end_of_record
SF:lib/handlers/user_handler.dart
DA:53,0
DA:59,0
DA:65,0
DA:71,0
DA:77,0
DA:83,0
DA:85,0
DA:86,0
DA:87,0
DA:88,0
DA:91,0
DA:92,0
DA:94,0
DA:95,0
DA:96,0
DA:97,0
DA:98,0
DA:99,0
DA:100,0
DA:101,0
DA:102,0
DA:103,0
DA:104,0
DA:107,0
DA:111,0
DA:112,0
DA:113,0
DA:114,0
DA:118,0
DA:119,0
DA:120,0
DA:121,0
DA:125,0
DA:126,0
DA:127,0
DA:128,0
DA:129,0
DA:130,0
DA:134,0
DA:135,0
DA:136,0
DA:137,0
DA:138,0
DA:139,0
DA:140,0
DA:141,0
DA:143,0
DA:148,0
DA:149,0
DA:150,0
DA:151,0
DA:152,0
DA:153,0
DA:154,0
DA:155,0
DA:157,0
DA:162,0
DA:163,0
DA:164,0
DA:173,0
DA:174,0
DA:175,0
DA:176,0
DA:177,0
DA:178,0
DA:180,0
DA:181,0
DA:184,0
DA:185,0
DA:186,0
DA:187,0
DA:190,0
DA:191,0
DA:195,0
DA:196,0
DA:197,0
DA:198,0
DA:199,0
DA:200,0
DA:201,0
DA:202,0
DA:203,0
DA:206,0
DA:207,0
DA:208,0
DA:209,0
DA:214,0
DA:215,0
DA:217,0
DA:218,0
DA:219,0
DA:221,0
DA:222,0
DA:231,0
DA:232,0
DA:235,0
DA:236,0
DA:239,0
DA:240,0
DA:241,0
DA:242,0
DA:246,0
DA:247,0
DA:248,0
DA:251,0
DA:252,0
DA:255,0
DA:256,0
DA:259,0
DA:260,0
DA:261,0
DA:262,0
DA:263,0
DA:265,0
DA:270,0
DA:272,0
DA:273,0
DA:277,0
DA:279,0
DA:280,0
DA:284,0
DA:285,0
DA:286,0
DA:289,0
DA:290,0
DA:293,0
DA:294,0
DA:295,0
DA:298,0
DA:299,0
DA:300,0
DA:303,0
DA:304,0
DA:307,0
DA:308,0
DA:309,0
DA:310,0
DA:312,0
DA:316,0
DA:318,0
DA:329,0
DA:332,0
DA:334,0
DA:340,0
DA:341,0
DA:342,0
DA:343,0
DA:346,0
DA:347,0
DA:348,0
DA:349,0
DA:350,0
DA:351,0
DA:352,0
LF:154
LH:0
end_of_record
SF:lib/providers/system_data_provider.dart
DA:38,2
DA:49,0
DA:50,0
DA:51,0
DA:58,0
DA:59,0
DA:60,0
DA:67,1
DA:68,1
DA:69,2
DA:75,0
DA:76,0
DA:77,0
DA:108,0
DA:109,0
DA:110,0
DA:111,0
DA:113,0
DA:114,0
DA:115,0
DA:116,0
DA:121,0
DA:122,0
DA:123,0
DA:124,0
DA:125,0
DA:141,0
DA:142,0
DA:143,0
DA:144,0
DA:145,0
DA:146,0
DA:147,0
DA:156,0
DA:168,0
DA:169,0
DA:170,0
DA:179,0
DA:180,0
DA:183,0
DA:187,0
DA:190,0
DA:193,0
DA:199,0
DA:202,0
DA:205,0
DA:216,0
DA:218,0
DA:219,0
DA:220,0
DA:221,0
DA:222,0
DA:223,0
DA:225,0
DA:230,0
DA:232,0
DA:233,0
DA:234,0
DA:236,0
DA:237,0
DA:238,0
DA:239,0
DA:240,0
DA:243,0
DA:244,0
DA:245,0
DA:246,0
DA:247,0
DA:248,0
DA:249,0
DA:251,0
DA:253,0
DA:254,0
DA:258,0
DA:259,0
DA:260,0
DA:261,0
DA:262,0
DA:264,0
DA:267,0
DA:268,0
DA:276,0
DA:277,0
DA:278,0
DA:280,0
DA:285,0
DA:286,0
DA:287,0
DA:288,0
DA:289,0
DA:290,0
DA:295,0
DA:296,0
DA:297,0
DA:299,0
DA:300,0
DA:302,0
DA:303,0
DA:307,0
DA:309,0
DA:310,0
DA:311,0
DA:313,0
DA:315,0
DA:318,0
DA:319,0
DA:320,0
DA:321,0
DA:323,0
DA:324,0
DA:325,0
DA:327,0
DA:333,0
DA:334,0
DA:335,0
DA:336,0
DA:337,0
DA:338,0
DA:339,0
DA:340,0
DA:341,0
DA:342,0
DA:343,0
DA:344,0
DA:346,0
DA:347,0
DA:351,0
DA:352,0
DA:353,0
DA:357,0
DA:367,0
DA:370,0
DA:371,0
DA:373,0
DA:374,0
DA:375,0
DA:376,0
DA:377,0
DA:379,0
DA:380,0
DA:381,0
DA:383,0
DA:384,0
DA:385,0
DA:386,0
DA:389,0
DA:390,0
DA:391,0
DA:392,0
DA:393,0
DA:394,0
DA:395,0
DA:396,0
DA:397,0
DA:398,0
DA:401,0
DA:402,0
DA:403,0
DA:404,0
DA:405,0
DA:406,0
DA:407,0
DA:408,0
DA:409,0
DA:410,0
DA:411,0
DA:412,0
DA:414,0
DA:415,0
DA:417,0
DA:418,0
DA:422,0
LF:172
LH:4
end_of_record
SF:lib/providers/display_data_provider.dart
DA:25,0
DA:34,0
DA:35,0
DA:36,0
LF:4
LH:0
end_of_record
SF:lib/providers/transform_provider.dart
DA:30,0
DA:37,0
DA:38,0
DA:46,0
DA:48,0
DA:49,0
DA:57,0
DA:58,0
DA:59,0
DA:67,0
DA:68,0
DA:69,0
DA:70,0
DA:74,0
DA:78,0
DA:79,0
DA:80,0
DA:81,0
LF:18
LH:0
end_of_record
SF:lib/api/firebase_api.dart
DA:29,0
DA:32,0
DA:33,0
DA:34,0
DA:36,0
DA:52,0
DA:56,0
DA:57,0
DA:58,0
DA:66,0
DA:67,0
DA:68,0
DA:73,0
DA:79,0
DA:83,0
DA:84,0
DA:87,0
DA:90,0
DA:93,0
DA:94,0
DA:97,0
DA:100,0
DA:101,0
DA:104,0
DA:109,0
DA:110,0
DA:113,0
DA:116,0
DA:117,0
DA:120,0
DA:121,0
DA:122,0
DA:124,0
DA:125,0
DA:126,0
DA:131,0
DA:134,0
DA:135,0
DA:138,0
DA:139,0
DA:140,0
DA:141,0
DA:142,0
DA:143,0
DA:144,0
DA:145,0
DA:146,0
DA:147,0
DA:148,0
DA:153,0
DA:154,0
DA:155,0
DA:159,0
DA:162,0
DA:165,0
DA:167,0
LF:56
LH:0
end_of_record
SF:lib/data_models/device.dart
DA:48,0
DA:113,0
DA:114,0
DA:119,0
DA:130,0
DA:131,0
DA:133,0
DA:134,0
DA:137,0
DA:139,0
DA:140,0
DA:141,0
DA:142,0
DA:145,0
DA:147,0
DA:148,0
DA:150,0
DA:151,0
DA:152,0
DA:156,0
DA:157,0
DA:158,0
DA:159,0
DA:160,0
DA:161,0
DA:162,0
DA:163,0
DA:164,0
DA:165,0
DA:175,0
DA:176,0
DA:191,0
DA:192,0
DA:193,0
DA:197,0
DA:201,0
DA:203,0
DA:218,0
DA:219,0
DA:226,0
DA:227,0
DA:228,0
DA:229,0
DA:233,0
DA:237,0
DA:238,0
DA:241,0
DA:243,0
DA:244,0
DA:246,0
DA:247,0
DA:248,0
DA:250,0
DA:253,0
DA:256,0
DA:257,0
DA:261,0
DA:263,0
DA:273,0
DA:274,0
DA:275,0
DA:276,0
DA:277,0
DA:278,0
DA:279,0
DA:280,0
DA:291,0
DA:292,0
DA:294,0
DA:295,0
DA:299,0
DA:300,0
DA:301,0
DA:302,0
DA:303,0
DA:304,0
DA:308,0
DA:309,0
DA:310,0
LF:79
LH:0
end_of_record
SF:lib/handlers/config_handler.dart
DA:38,0
DA:41,0
DA:44,0
DA:47,0
DA:50,0
DA:53,0
DA:56,0
DA:59,0
DA:62,0
DA:65,0
DA:66,0
DA:67,0
DA:69,0
DA:71,0
DA:72,0
DA:73,0
DA:74,0
DA:76,0
DA:77,0
DA:78,0
DA:79,0
DA:80,0
DA:81,0
DA:83,0
DA:84,0
DA:85,0
DA:86,0
DA:87,0
DA:88,0
DA:90,0
DA:92,0
DA:93,0
DA:96,0
DA:97,0
DA:99,0
DA:100,0
DA:101,0
DA:102,0
DA:103,0
DA:109,0
DA:110,0
DA:112,0
DA:114,0
DA:117,0
DA:118,0
DA:120,0
DA:124,0
DA:125,0
DA:127,0
DA:131,0
DA:132,0
DA:134,0
DA:138,0
DA:139,0
DA:141,0
DA:145,0
DA:146,0
DA:147,0
DA:150,0
DA:151,0
DA:153,0
DA:157,0
DA:158,0
DA:161,0
DA:162,0
DA:165,0
DA:166,0
DA:169,0
DA:170,0
DA:173,0
DA:174,0
DA:177,0
DA:178,0
DA:181,0
DA:182,0
LF:75
LH:0
end_of_record
SF:lib/handlers/state_handler.dart
DA:31,0
DA:37,0
DA:40,0
DA:43,0
DA:46,0
DA:49,0
DA:52,0
DA:55,0
DA:58,0
DA:61,0
DA:64,0
DA:67,0
DA:70,0
DA:72,0
DA:73,0
DA:74,0
DA:76,0
DA:78,0
DA:79,0
DA:81,0
DA:82,0
DA:83,0
DA:84,0
DA:85,0
DA:90,0
DA:92,0
DA:93,0
DA:96,0
DA:97,0
DA:98,0
DA:101,0
DA:102,0
DA:103,0
DA:104,0
DA:105,0
DA:111,0
DA:113,0
DA:114,0
DA:115,0
DA:116,0
DA:117,0
DA:119,0
DA:120,0
DA:121,0
DA:123,0
DA:124,0
DA:125,0
DA:127,0
DA:128,0
DA:129,0
DA:132,0
LF:51
LH:0
end_of_record
SF:lib/handlers/active_device.dart
DA:43,0
DA:44,0
DA:52,0
DA:53,0
DA:54,0
DA:55,0
DA:56,0
DA:57,0
DA:67,0
DA:68,0
DA:69,0
DA:70,0
DA:71,0
DA:74,0
DA:75,0
DA:76,0
DA:78,0
DA:79,0
DA:80,0
DA:84,0
DA:85,0
DA:86,0
DA:88,0
DA:89,0
DA:90,0
DA:93,0
LF:26
LH:0
end_of_record
SF:lib/handlers/registered_devices.dart
DA:35,0
DA:45,0
DA:46,0
DA:47,0
DA:48,0
DA:50,0
DA:51,0
DA:52,0
DA:53,0
DA:57,0
DA:58,0
DA:59,0
DA:60,0
DA:62,0
DA:63,0
DA:64,0
DA:68,0
DA:69,0
DA:70,0
DA:72,0
DA:74,0
DA:75,0
DA:77,0
DA:80,0
DA:81,0
DA:82,0
DA:84,0
DA:85,0
DA:86,0
DA:90,0
DA:91,0
DA:92,0
DA:93,0
DA:95,0
DA:96,0
DA:97,0
LF:36
LH:0
end_of_record
SF:lib/data_classes/status_message.dart
DA:37,0
DA:39,0
DA:44,0
DA:50,0
DA:55,0
DA:60,0
DA:61,0
LF:7
LH:0
end_of_record
SF:lib/handlers/alarm_handler.dart
DA:58,0
DA:76,0
DA:77,0
DA:78,0
DA:79,0
DA:80,0
DA:81,0
DA:82,0
DA:83,0
DA:85,0
DA:86,0
DA:87,0
DA:120,0
DA:134,0
DA:135,0
DA:136,0
DA:137,0
DA:138,0
DA:155,0
DA:156,0
DA:171,0
DA:172,0
DA:173,0
DA:175,0
DA:176,0
DA:177,0
DA:178,0
DA:179,0
DA:181,0
DA:182,0
DA:183,0
DA:184,0
DA:185,0
DA:187,0
DA:189,0
DA:191,0
DA:192,0
DA:193,0
DA:194,0
DA:196,0
DA:197,0
DA:198,0
DA:199,0
DA:200,0
DA:201,0
DA:202,0
DA:203,0
DA:204,0
DA:205,0
DA:208,0
DA:209,0
DA:211,0
DA:212,0
DA:213,0
DA:214,0
DA:215,0
DA:216,0
DA:217,0
DA:218,0
DA:219,0
DA:220,0
DA:221,0
DA:229,0
DA:230,0
DA:232,0
DA:233,0
DA:234,0
DA:235,0
DA:240,0
DA:241,0
DA:242,0
DA:245,0
DA:248,0
DA:249,0
DA:252,0
DA:253,0
DA:254,0
DA:255,0
DA:256,0
DA:257,0
DA:258,0
DA:261,0
DA:262,0
DA:263,0
DA:264,0
DA:265,0
DA:266,0
DA:267,0
DA:270,0
DA:271,0
DA:274,0
DA:275,0
DA:278,0
DA:279,0
DA:282,0
DA:283,0
DA:286,0
DA:287,0
DA:290,0
DA:292,0
DA:293,0
DA:294,0
DA:295,0
DA:296,0
DA:298,0
DA:299,0
DA:300,0
DA:306,0
DA:308,0
DA:309,0
DA:310,0
DA:311,0
DA:312,0
DA:313,0
DA:315,0
DA:316,0
DA:317,0
DA:318,0
DA:319,0
DA:320,0
DA:321,0
DA:322,0
DA:323,0
DA:324,0
DA:326,0
DA:327,0
DA:328,0
DA:329,0
DA:330,0
DA:331,0
DA:332,0
DA:333,0
DA:334,0
DA:335,0
DA:337,0
DA:338,0
DA:339,0
DA:340,0
DA:341,0
DA:342,0
DA:343,0
DA:344,0
DA:347,0
LF:143
LH:0
end_of_record
SF:lib/data_models/property.dart
DA:31,0
DA:36,0
DA:38,0
DA:44,0
DA:45,0
DA:48,0
DA:49,0
DA:50,0
DA:59,0
DA:61,0
DA:63,0
DA:64,0
DA:66,0
DA:70,0
LF:14
LH:0
end_of_record
SF:lib/components/confirm_dialog.dart
DA:6,3
DA:38,2
DA:40,2
DA:41,2
DA:48,4
DA:49,4
DA:50,2
DA:51,2
DA:52,1
DA:53,2
DA:54,2
DA:56,4
DA:58,2
DA:59,1
DA:60,2
DA:61,2
DA:63,2
DA:64,2
DA:65,2
DA:67,2
DA:78,2
DA:80,2
DA:82,4
DA:83,2
DA:84,2
DA:86,1
DA:87,1
DA:88,2
DA:91,2
DA:93,1
DA:94,2
DA:101,2
DA:103,2
LF:33
LH:33
end_of_record
SF:lib/objects/logger.dart
DA:13,0
DA:19,0
DA:20,0
DA:21,0
LF:4
LH:0
end_of_record
SF:lib/Formatters/formatters.dart
DA:27,1
DA:28,2
DA:33,1
DA:38,1
DA:39,1
DA:41,1
DA:42,1
DA:43,6
DA:44,0
DA:45,0
DA:46,1
DA:48,0
DA:49,0
DA:50,0
DA:53,1
LF:15
LH:10
end_of_record
SF:lib/UserInterface/animate.dart
DA:5,0
DA:6,0
DA:7,0
DA:9,0
DA:10,0
DA:11,0
DA:12,0
DA:15,0
DA:16,0
DA:17,0
DA:18,0
DA:19,0
DA:25,0
DA:28,0
DA:29,0
DA:31,2
DA:34,1
DA:35,1
DA:37,0
DA:40,0
DA:41,0
DA:43,0
DA:46,0
DA:47,0
DA:53,0
DA:55,0
DA:57,2
DA:59,1
DA:63,3
LF:29
LH:6
end_of_record
SF:lib/UserInterface/text_styles.dart
DA:3,0
LF:1
LH:0
end_of_record
SF:lib/UserInterface/ui.dart
DA:28,0
DA:31,0
DA:38,0
DA:45,0
DA:48,0
DA:51,0
DA:58,0
DA:65,0
DA:68,1
DA:71,1
DA:78,0
DA:85,0
DA:87,0
DA:88,0
DA:93,0
DA:95,0
DA:96,0
DA:97,0
DA:100,0
DA:102,0
DA:103,0
DA:104,0
DA:107,0
DA:108,0
DA:109,0
DA:112,0
DA:113,0
DA:114,0
DA:117,0
DA:118,0
DA:119,0
DA:126,8
DA:127,5
DA:128,5
DA:132,3
DA:134,0
DA:135,25
DA:136,25
DA:137,6
DA:139,4
DA:141,4
DA:143,0
DA:145,0
DA:147,0
DA:148,0
DA:149,0
DA:151,0
DA:152,0
DA:153,0
DA:158,14
DA:160,0
DA:162,4
DA:164,15
DA:165,8
DA:166,6
DA:170,1
DA:173,1
DA:174,0
DA:176,1
DA:177,4
DA:179,0
DA:180,0
DA:183,0
DA:188,12
DA:190,6
LF:65
LH:22
end_of_record
SF:lib/UserInterface/icons.dart
DA:11,0
DA:13,0
DA:14,0
DA:20,0
DA:23,0
DA:25,0
DA:28,0
DA:30,0
DA:33,0
DA:35,0
DA:37,0
DA:43,0
DA:46,0
DA:48,0
DA:51,0
DA:53,0
DA:56,0
DA:58,0
DA:61,0
DA:65,0
DA:69,0
DA:73,0
DA:77,0
DA:81,0
DA:92,0
DA:97,0
DA:100,0
DA:102,0
DA:103,0
DA:104,0
DA:106,0
DA:108,0
DA:109,0
DA:110,0
DA:114,0
DA:115,0
DA:116,0
DA:123,0
DA:126,0
DA:129,0
DA:132,0
DA:133,0
DA:134,0
DA:136,0
DA:137,0
DA:141,0
DA:144,0
DA:145,0
DA:146,0
DA:150,0
DA:152,0
DA:153,0
DA:154,0
LF:53
LH:0
end_of_record
SF:lib/firebase_options.dart
DA:44,0
DA:48,0
DA:49,0
DA:51,0
DA:53,0
DA:55,0
DA:57,0
DA:58,0
DA:63,0
LF:9
LH:0
end_of_record
SF:lib/objects/alarm_notification.dart
DA:19,0
DA:20,0
DA:23,0
DA:24,0
DA:25,0
DA:27,0
DA:32,0
DA:33,0
DA:35,0
DA:36,0
DA:37,0
DA:38,0
DA:39,0
DA:40,0
DA:41,0
DA:42,0
DA:47,0
DA:48,0
DA:49,0
DA:54,0
DA:55,0
DA:61,0
DA:63,0
DA:64,0
DA:71,0
DA:72,0
DA:73,0
DA:74,0
DA:75,0
DA:76,0
DA:80,0
DA:81,0
DA:82,0
DA:89,0
DA:90,0
DA:93,0
DA:94,0
DA:95,0
DA:96,0
DA:101,0
DA:102,0
DA:104,0
DA:105,0
DA:113,0
DA:114,0
DA:116,0
LF:46
LH:0
end_of_record
SF:lib/components/alarm_message.dart
DA:17,1
DA:19,1
DA:20,1
DA:21,1
DA:22,1
DA:23,1
DA:25,2
DA:26,2
DA:27,2
DA:28,2
DA:29,2
DA:33,1
DA:34,1
DA:35,1
DA:36,1
DA:37,1
DA:38,1
DA:41,1
DA:42,1
DA:43,2
DA:45,1
DA:46,1
DA:47,2
DA:51,1
DA:56,1
DA:57,1
DA:59,3
DA:60,3
DA:62,3
DA:63,3
DA:65,3
DA:66,3
DA:68,3
DA:69,3
DA:71,3
DA:72,3
DA:75,2
DA:76,5
DA:77,0
DA:78,1
DA:80,1
DA:83,1
DA:85,2
DA:86,2
DA:87,2
DA:90,1
DA:91,4
DA:98,0
DA:104,0
DA:106,0
DA:107,0
DA:108,0
DA:109,0
DA:110,0
DA:111,0
DA:112,0
DA:122,1
DA:123,4
DA:124,1
DA:125,1
DA:127,1
DA:129,1
DA:130,3
LF:63
LH:53
end_of_record
SF:lib/shared/types.dart
DA:46,0
DA:47,0
DA:48,0
DA:49,0
DA:50,0
DA:51,0
LF:6
LH:0
end_of_record
SF:lib/providers/inline.dart
DA:13,4
DA:16,12
DA:19,4
DA:21,4
DA:24,0
DA:25,0
DA:30,6
DA:31,0
DA:33,4
DA:54,0
DA:55,0
DA:56,9
DA:58,0
DA:59,6
DA:77,0
DA:78,0
DA:80,0
DA:81,0
DA:85,0
DA:86,0
DA:87,0
DA:91,12
LF:22
LH:9
end_of_record
SF:lib/components/system_elements/system_element.dart
DA:15,0
DA:16,0
DA:17,0
DA:21,0
DA:22,0
DA:23,0
DA:24,0
DA:25,0
DA:26,0
DA:28,0
DA:29,0
DA:32,0
DA:33,0
LF:13
LH:0
end_of_record
SF:lib/components/bottom_nav_bar.dart
DA:29,2
DA:55,2
DA:57,2
DA:58,2
DA:59,1
DA:60,2
DA:61,2
DA:63,1
DA:64,2
DA:65,3
DA:66,6
DA:68,1
LF:12
LH:12
end_of_record
SF:lib/components/buttons/abort_button.dart
DA:6,0
DA:7,0
DA:8,0
DA:9,0
DA:10,0
DA:11,0
DA:12,0
DA:13,0
LF:8
LH:0
end_of_record
SF:lib/shared/constants.dart
DA:73,3
LF:1
LH:1
end_of_record
SF:lib/components/buttons/confirm_button.dart
DA:14,2
DA:24,2
DA:25,2
DA:32,2
DA:34,4
DA:35,2
DA:36,8
DA:37,2
DA:40,2
DA:42,2
DA:43,2
DA:44,2
DA:45,2
DA:48,16
DA:50,4
DA:51,8
DA:55,2
DA:57,2
DA:58,4
DA:62,2
DA:63,6
DA:64,1
DA:70,10
LF:23
LH:23
end_of_record
SF:lib/components/buttons/back_button.dart
DA:4,0
DA:6,0
DA:9,0
DA:12,0
DA:14,0
DA:15,0
LF:6
LH:0
end_of_record
SF:lib/components/notice_dialog.dart
DA:14,4
DA:39,3
DA:40,3
DA:41,3
DA:43,3
DA:45,3
DA:47,3
DA:53,3
DA:54,3
DA:55,3
DA:57,3
DA:59,3
DA:61,3
DA:66,3
DA:68,3
DA:69,3
DA:70,3
DA:71,3
DA:74,6
DA:75,6
DA:76,3
DA:77,3
DA:78,1
DA:79,2
DA:80,2
DA:82,3
DA:83,3
DA:94,1
DA:95,1
DA:97,1
DA:98,1
LF:31
LH:31
end_of_record
SF:lib/components/buttons/end_button.dart
DA:6,0
DA:7,0
DA:8,0
DA:9,0
DA:10,0
DA:11,0
DA:12,0
DA:13,0
LF:8
LH:0
end_of_record
SF:lib/components/buttons/load_button.dart
DA:7,0
DA:8,0
DA:10,0
DA:13,0
DA:15,0
LF:5
LH:0
end_of_record
SF:lib/pages/load_page.dart
DA:12,30
DA:13,1
DA:14,1
DA:19,1
DA:23,3
DA:24,3
DA:25,3
DA:26,2
DA:27,1
DA:28,2
DA:29,0
DA:30,0
DA:31,0
DA:32,0
DA:34,0
DA:36,0
DA:37,0
DA:38,0
DA:39,0
DA:40,0
DA:41,0
DA:46,0
DA:47,0
DA:48,0
DA:51,0
DA:53,0
DA:54,0
DA:58,4
DA:61,1
LF:29
LH:12
end_of_record
SF:lib/components/buttons/page_button.dart
DA:13,1
DA:23,1
DA:24,1
DA:31,1
DA:33,2
DA:34,1
DA:35,4
DA:36,1
DA:39,1
DA:41,1
DA:42,1
DA:43,1
DA:44,1
DA:46,8
DA:48,2
DA:49,4
DA:52,1
DA:54,1
DA:55,2
DA:59,1
DA:60,2
DA:61,0
DA:63,2
DA:64,4
LF:24
LH:23
end_of_record
SF:lib/components/buttons/reset_button.dart
DA:5,1
DA:6,1
DA:9,1
DA:12,1
DA:13,1
DA:14,4
LF:6
LH:6
end_of_record
SF:lib/components/buttons/resume_button.dart
DA:11,29
DA:12,0
DA:14,0
DA:15,0
DA:16,0
DA:17,0
DA:18,0
DA:19,0
DA:20,0
DA:21,0
DA:22,0
DA:25,0
DA:33,0
LF:13
LH:1
end_of_record
SF:lib/components/buttons/save_button.dart
DA:6,0
DA:7,0
DA:9,0
DA:12,0
DA:14,0
LF:5
LH:0
end_of_record
SF:lib/pages/save_page.dart
DA:11,30
DA:12,1
DA:13,1
DA:18,1
DA:20,3
DA:21,3
DA:22,1
DA:23,2
DA:24,2
DA:25,1
DA:26,2
DA:27,0
DA:28,0
DA:29,0
DA:30,0
DA:32,0
DA:34,0
DA:35,0
DA:36,0
DA:37,0
DA:38,0
DA:39,0
DA:44,0
DA:45,0
DA:46,0
DA:49,0
DA:51,0
DA:52,0
DA:56,4
DA:59,1
LF:30
LH:13
end_of_record
SF:lib/components/display_system.dart
DA:10,0
DA:12,0
DA:14,0
DA:16,0
DA:17,0
DA:19,0
LF:6
LH:0
end_of_record
SF:lib/shared/shared_widgets.dart
DA:9,0
DA:16,0
DA:18,0
DA:19,0
DA:21,0
DA:31,0
DA:38,0
DA:40,0
DA:41,0
DA:43,0
DA:52,1
DA:54,1
DA:56,1
DA:57,3
DA:73,1
DA:75,1
DA:77,1
DA:78,3
DA:79,3
DA:84,0
DA:89,0
DA:91,0
DA:93,0
DA:94,0
LF:24
LH:9
end_of_record
SF:lib/components/dropdown_menu.dart
DA:8,0
DA:10,0
DA:13,0
DA:14,0
DA:16,0
DA:18,0
DA:23,0
DA:24,0
DA:25,0
DA:26,0
DA:29,0
DA:30,0
DA:31,0
DA:32,0
DA:38,0
DA:40,0
DA:42,0
DA:55,0
DA:56,0
DA:61,0
LF:20
LH:0
end_of_record
SF:lib/components/icons/arrows.dart
DA:13,0
DA:14,0
DA:18,0
DA:19,0
DA:25,2
DA:27,0
DA:31,2
DA:32,0
DA:33,0
DA:35,0
DA:39,2
DA:40,0
DA:41,0
DA:43,0
DA:50,1
DA:52,0
DA:56,1
DA:57,0
DA:58,0
DA:60,0
DA:65,1
DA:66,0
DA:67,0
DA:68,0
DA:70,0
DA:77,0
DA:79,0
DA:83,0
DA:84,0
DA:85,0
DA:86,0
DA:88,0
DA:93,0
DA:94,0
DA:95,0
DA:97,0
DA:105,2
DA:119,1
DA:120,1
DA:130,0
DA:132,1
DA:134,1
DA:135,2
DA:136,3
DA:137,5
DA:140,1
DA:142,2
DA:143,1
DA:146,0
DA:147,0
DA:148,0
DA:149,0
DA:150,0
DA:151,0
DA:152,0
DA:153,0
DA:154,0
DA:155,0
DA:156,0
DA:164,1
DA:166,1
DA:167,1
DA:168,2
DA:169,0
DA:170,0
DA:171,0
DA:172,0
DA:173,0
DA:178,0
DA:179,0
DA:180,0
DA:183,0
DA:184,0
DA:185,0
DA:186,0
DA:189,0
DA:190,0
DA:191,0
DA:192,0
DA:193,0
DA:195,0
DA:204,0
DA:205,0
DA:207,0
DA:209,0
DA:210,0
DA:212,0
DA:214,0
DA:215,0
DA:217,0
DA:218,0
DA:220,0
DA:221,0
LF:93
LH:21
end_of_record
SF:lib/components/icons/warn_icon.dart
DA:9,1
DA:11,1
DA:14,0
DA:21,1
DA:22,1
DA:23,1
DA:25,2
DA:26,1
DA:27,1
DA:29,1
DA:30,2
DA:45,29
DA:55,1
DA:66,1
DA:68,1
DA:69,0
DA:71,0
DA:74,0
DA:75,0
DA:76,0
DA:78,0
DA:79,0
DA:83,0
DA:88,1
DA:90,1
DA:93,1
DA:103,58
DA:104,1
DA:106,1
DA:107,1
DA:108,1
DA:109,3
DA:110,3
DA:111,2
DA:113,0
DA:115,0
DA:130,58
DA:132,1
DA:134,1
DA:135,1
DA:136,1
DA:137,3
DA:138,0
DA:139,0
DA:141,0
DA:143,0
DA:158,58
DA:160,0
DA:161,0
DA:164,0
DA:165,0
DA:168,1
DA:170,1
DA:171,1
DA:172,1
DA:173,3
DA:174,3
DA:175,2
DA:176,0
DA:179,0
DA:181,0
DA:182,0
DA:186,0
DA:187,0
DA:196,0
DA:197,0
DA:198,0
DA:199,0
DA:200,0
LF:69
LH:39
end_of_record
SF:lib/components/invalid_input.dart
DA:4,1
DA:5,1
DA:7,1
DA:8,2
DA:13,1
DA:15,2
DA:16,1
DA:20,1
DA:22,1
LF:9
LH:9
end_of_record
SF:lib/components/list_config.dart
DA:8,0
DA:11,0
DA:12,0
DA:16,0
DA:17,0
DA:23,29
DA:25,0
DA:27,0
DA:28,0
DA:29,0
DA:30,0
DA:31,0
DA:35,0
DA:44,29
DA:46,0
DA:48,0
DA:49,0
DA:50,0
DA:51,0
DA:52,0
DA:56,0
DA:65,29
DA:67,0
DA:69,0
DA:70,0
DA:71,0
DA:72,0
DA:73,0
DA:77,0
DA:86,29
DA:88,0
DA:90,0
DA:94,0
DA:95,0
DA:96,0
DA:98,0
DA:99,0
DA:100,0
DA:104,0
DA:106,0
DA:114,58
DA:116,0
DA:118,0
DA:119,0
DA:120,0
DA:121,0
DA:122,0
DA:126,0
DA:134,58
DA:136,0
DA:138,0
DA:139,0
DA:140,0
DA:141,0
DA:142,0
DA:146,0
LF:56
LH:6
end_of_record
SF:lib/components/system_value_input_new.dart
DA:16,1
DA:26,1
DA:27,1
DA:32,1
DA:33,2
DA:34,6
DA:35,1
DA:38,1
DA:39,5
DA:44,1
DA:46,1
DA:47,2
DA:48,1
DA:49,0
DA:50,0
DA:51,0
DA:52,0
DA:55,0
DA:60,1
DA:62,2
DA:65,2
DA:67,1
DA:71,2
DA:72,3
DA:77,1
DA:78,1
DA:79,4
DA:80,3
DA:83,0
LF:29
LH:23
end_of_record
SF:lib/components/load_slot_card.dart
DA:4,0
LF:1
LH:0
end_of_record
SF:lib/components/slot_card.dart
DA:11,0
DA:12,0
DA:16,0
DA:17,0
DA:18,0
DA:19,0
DA:20,0
DA:21,0
DA:23,0
DA:25,0
DA:28,0
DA:29,0
DA:31,0
DA:32,0
DA:33,0
DA:34,0
DA:37,0
DA:38,0
DA:39,0
DA:43,0
DA:44,0
DA:46,0
DA:48,0
DA:50,0
DA:52,0
DA:54,0
DA:56,0
DA:58,0
DA:60,0
DA:62,0
DA:75,0
DA:76,0
LF:32
LH:0
end_of_record
SF:lib/components/pump_control_config.dart
DA:10,29
DA:12,0
DA:14,0
DA:15,0
DA:16,0
DA:18,0
DA:19,0
DA:24,0
DA:25,0
DA:27,0
DA:28,0
DA:29,0
LF:12
LH:1
end_of_record
SF:lib/controllers/toggle_controllers.dart
DA:3,0
DA:4,0
DA:5,0
DA:21,0
DA:22,0
DA:23,0
DA:24,0
DA:25,0
DA:26,0
DA:27,0
DA:28,0
DA:29,0
DA:30,0
DA:33,0
DA:34,0
DA:35,0
DA:36,0
DA:37,0
DA:38,0
DA:39,0
DA:42,0
DA:43,0
DA:44,0
DA:45,0
DA:46,0
DA:47,0
DA:48,0
DA:49,0
DA:52,0
DA:53,0
DA:54,0
DA:55,0
DA:56,0
DA:59,0
DA:60,0
DA:63,0
DA:64,0
DA:67,0
DA:68,0
DA:71,0
DA:72,0
DA:75,0
DA:76,0
DA:79,0
DA:80,0
DA:83,0
DA:84,0
LF:47
LH:0
end_of_record
SF:lib/components/run_stats.dart
DA:9,0
DA:10,0
DA:11,0
DA:16,0
DA:17,0
DA:21,0
DA:23,0
DA:31,0
DA:36,0
DA:38,0
DA:39,0
DA:46,0
DA:48,0
DA:49,0
DA:55,29
DA:57,0
DA:59,0
DA:60,0
DA:61,0
DA:62,0
DA:63,0
DA:64,0
DA:65,0
DA:66,0
DA:67,0
DA:69,0
DA:71,0
DA:78,29
DA:80,0
DA:82,0
DA:83,0
DA:84,0
DA:85,0
DA:86,0
DA:87,0
DA:88,0
DA:89,0
DA:90,0
DA:91,0
DA:92,0
DA:93,0
DA:94,0
DA:95,0
DA:96,0
DA:97,0
DA:98,0
DA:99,0
DA:100,0
DA:101,0
DA:102,0
DA:108,0
DA:112,0
LF:52
LH:2
end_of_record
SF:lib/shared/time.dart
DA:2,0
DA:3,0
DA:4,0
DA:5,0
DA:6,0
LF:5
LH:0
end_of_record
SF:lib/handlers/alarm_logs.dart
DA:38,0
DA:39,0
DA:40,0
DA:41,0
DA:46,0
DA:47,0
DA:48,0
DA:49,0
DA:59,0
DA:66,0
DA:67,0
DA:68,0
DA:70,0
DA:71,0
DA:72,0
DA:73,0
DA:78,0
DA:79,0
DA:82,0
DA:83,0
DA:86,0
DA:87,0
DA:88,0
DA:89,0
DA:98,0
DA:100,0
DA:101,0
DA:102,0
DA:105,0
DA:106,0
DA:107,0
DA:109,0
DA:110,0
DA:113,0
DA:115,0
DA:116,0
DA:117,0
DA:119,0
DA:120,0
DA:123,0
DA:124,0
DA:125,0
DA:126,0
DA:127,0
DA:133,0
DA:134,0
DA:138,0
DA:139,0
DA:140,0
DA:141,0
DA:142,0
DA:143,0
DA:144,0
DA:146,0
LF:54
LH:0
end_of_record
SF:lib/components/save_slot_card.dart
DA:4,0
LF:1
LH:0
end_of_record
SF:lib/components/sensor_display/flow_display.dart
DA:7,30
DA:8,1
DA:9,4
DA:10,6
DA:11,3
DA:12,1
LF:6
LH:6
end_of_record
SF:lib/shared/methods.dart
DA:32,1
DA:33,2
DA:44,0
DA:45,0
DA:60,0
DA:63,0
DA:64,0
DA:66,0
DA:67,0
DA:69,0
DA:70,0
DA:72,0
DA:80,0
DA:81,0
DA:84,0
DA:85,0
DA:86,0
DA:89,0
DA:90,0
DA:91,0
DA:93,0
DA:97,0
DA:98,0
DA:104,0
DA:105,0
DA:107,0
DA:108,0
DA:109,0
DA:110,0
DA:114,0
DA:115,0
DA:120,0
DA:123,0
DA:125,0
DA:128,0
DA:130,0
DA:133,0
DA:134,0
DA:135,0
LF:39
LH:2
end_of_record
SF:lib/components/sensor_display/sensor_display.dart
DA:11,88
DA:19,2
DA:21,2
DA:22,2
DA:23,2
DA:24,8
DA:25,4
DA:26,4
DA:28,1
DA:33,2
DA:34,1
DA:36,1
DA:38,1
DA:40,1
DA:41,1
DA:42,1
DA:43,5
DA:45,4
DA:47,1
DA:49,1
DA:51,1
DA:55,1
DA:66,0
DA:67,0
DA:68,4
DA:69,3
DA:70,2
DA:71,1
DA:73,1
DA:82,1
DA:89,1
DA:91,3
DA:92,4
LF:33
LH:31
end_of_record
SF:lib/components/sensor_display/pressure_display.dart
DA:8,30
DA:9,1
DA:10,4
DA:11,6
DA:12,3
DA:13,1
LF:6
LH:6
end_of_record
SF:lib/components/sensor_display/temp_display.dart
DA:8,30
DA:9,1
DA:10,4
DA:11,3
DA:12,3
DA:13,1
LF:6
LH:6
end_of_record
SF:lib/components/set_time_config.dart
DA:8,58
DA:9,0
DA:11,0
DA:12,0
DA:13,0
DA:14,0
DA:16,0
DA:20,0
DA:21,0
DA:22,0
LF:10
LH:1
end_of_record
SF:lib/components/time_input.dart
DA:10,1
DA:12,1
DA:15,1
DA:16,1
DA:17,1
DA:18,1
DA:19,3
DA:20,3
DA:21,0
DA:22,0
DA:25,2
DA:26,1
DA:31,1
DA:41,1
DA:42,1
DA:43,1
DA:44,2
DA:47,0
DA:48,0
DA:55,1
DA:57,1
DA:58,1
DA:61,1
DA:62,1
DA:63,2
DA:64,2
DA:65,1
LF:27
LH:23
end_of_record
SF:lib/components/side_menu.dart
DA:40,0
DA:50,0
DA:52,0
DA:53,0
DA:55,0
DA:56,0
DA:74,0
DA:80,0
DA:81,0
DA:82,0
DA:83,0
DA:84,0
DA:98,348
DA:100,0
DA:101,0
DA:108,0
DA:109,0
DA:112,0
DA:114,0
DA:115,0
DA:116,0
DA:117,0
DA:119,0
DA:120,0
DA:123,0
DA:126,0
DA:128,0
DA:129,0
DA:130,0
DA:132,0
DA:136,0
DA:138,0
DA:139,0
DA:140,0
DA:141,0
DA:142,0
DA:143,0
DA:145,0
DA:146,0
DA:148,0
DA:149,0
DA:150,0
DA:152,0
DA:153,0
DA:154,0
DA:157,0
DA:158,0
DA:159,0
DA:162,0
DA:168,0
DA:169,0
DA:175,0
DA:178,0
DA:180,0
DA:182,0
DA:183,0
DA:184,0
DA:185,0
DA:192,0
DA:194,0
DA:196,0
DA:198,0
DA:200,0
DA:209,0
DA:211,0
DA:214,0
DA:215,0
DA:226,0
DA:227,0
DA:228,0
DA:231,0
DA:263,29
DA:267,0
DA:269,0
DA:271,0
DA:272,0
DA:280,0
DA:283,0
DA:292,0
DA:301,0
DA:304,0
LF:81
LH:2
end_of_record
SF:lib/components/sign_out_button.dart
DA:5,1
DA:6,1
DA:8,0
DA:9,0
DA:10,0
DA:11,0
DA:15,1
DA:17,0
DA:18,0
DA:23,1
DA:26,1
DA:30,0
DA:32,0
DA:38,1
DA:40,1
DA:45,1
DA:46,1
LF:17
LH:9
end_of_record
SF:lib/pages/register_device.dart
DA:17,29
DA:19,0
DA:20,0
DA:27,0
DA:30,0
DA:33,0
DA:38,0
DA:39,0
DA:40,0
DA:41,0
DA:42,0
DA:45,0
DA:48,0
DA:50,0
DA:51,0
DA:52,0
DA:53,0
DA:54,0
DA:55,0
DA:56,0
DA:57,0
DA:60,0
DA:61,0
DA:63,0
DA:67,0
DA:69,0
DA:71,0
DA:72,0
DA:73,0
DA:75,0
DA:77,0
DA:78,0
DA:79,0
DA:82,0
DA:83,0
DA:84,0
DA:85,0
DA:86,0
DA:88,0
DA:90,0
DA:93,0
DA:94,0
DA:96,0
DA:98,0
DA:102,0
DA:103,0
DA:104,0
DA:112,0
DA:113,0
DA:115,0
DA:116,0
DA:120,0
DA:121,0
DA:131,0
DA:132,0
DA:136,0
DA:137,0
DA:139,0
DA:140,0
DA:144,0
DA:145,0
DA:155,0
DA:156,0
DA:157,0
DA:158,0
DA:159,0
DA:160,0
DA:163,0
DA:164,0
DA:177,0
DA:180,0
LF:71
LH:1
end_of_record
SF:lib/pages/settings_page.dart
DA:36,29
DA:42,0
DA:43,0
DA:63,0
DA:67,0
DA:69,0
DA:72,0
DA:73,0
DA:74,0
DA:75,0
DA:76,0
DA:80,0
DA:81,0
DA:82,0
DA:83,0
DA:84,0
DA:85,0
DA:87,0
DA:88,0
DA:91,0
DA:92,0
DA:93,0
DA:94,0
DA:95,0
DA:96,0
DA:97,0
DA:100,0
DA:101,0
DA:102,0
DA:105,0
DA:107,0
DA:108,0
DA:109,0
DA:110,0
DA:113,0
DA:117,0
DA:118,0
DA:127,0
DA:128,0
DA:129,0
DA:130,0
DA:133,0
DA:137,0
DA:138,0
DA:143,0
DA:144,0
DA:145,0
DA:148,0
DA:157,0
DA:160,0
LF:50
LH:1
end_of_record
SF:lib/dialogs/terms_and_conditions.dart
DA:38,58
DA:44,0
DA:45,0
DA:63,0
DA:65,0
DA:66,0
DA:67,0
DA:68,0
DA:69,0
DA:72,0
DA:75,0
DA:76,0
DA:78,0
DA:84,0
DA:86,0
DA:87,0
DA:88,0
DA:89,0
DA:91,0
DA:96,0
DA:99,0
DA:100,0
DA:101,0
DA:102,0
DA:103,0
DA:104,0
DA:108,0
DA:109,0
DA:110,0
DA:127,0
DA:128,0
DA:129,0
DA:130,0
DA:131,0
DA:132,0
DA:146,0
DA:147,0
DA:148,0
DA:149,0
DA:150,0
DA:151,0
DA:154,0
DA:155,0
DA:156,0
DA:157,0
DA:158,0
DA:159,0
DA:160,0
DA:161,0
DA:167,0
DA:169,0
DA:170,0
DA:174,0
DA:175,0
DA:176,0
DA:177,0
DA:178,0
DA:179,0
DA:180,0
DA:181,0
DA:182,0
DA:186,0
DA:194,0
DA:195,0
DA:198,0
DA:200,0
DA:205,0
DA:206,0
DA:208,0
DA:209,0
DA:223,0
LF:71
LH:1
end_of_record
SF:lib/dialogs/privacy_policy.dart
DA:14,29
DA:16,0
DA:17,0
DA:28,0
DA:30,0
DA:31,0
DA:32,0
DA:33,0
DA:34,0
DA:38,0
DA:40,0
DA:41,0
DA:43,0
DA:48,0
DA:50,0
DA:51,0
DA:52,0
DA:53,0
DA:54,0
DA:61,0
DA:62,0
DA:63,0
DA:64,0
DA:65,0
DA:66,0
DA:67,0
DA:71,0
DA:72,0
DA:73,0
DA:106,0
DA:107,0
DA:108,0
DA:109,0
DA:110,0
DA:111,0
DA:112,0
DA:115,0
LF:37
LH:1
end_of_record
SF:lib/pages/home/home_page.dart
DA:30,116
DA:36,0
DA:37,0
DA:58,0
DA:60,0
DA:61,0
DA:62,0
DA:66,0
DA:70,0
DA:71,0
DA:72,0
DA:73,0
DA:74,0
DA:76,0
DA:82,0
DA:83,0
DA:84,0
DA:87,0
DA:94,0
LF:19
LH:1
end_of_record
SF:lib/components/square_tile.dart
DA:7,61
DA:9,4
DA:11,4
DA:12,4
DA:13,4
DA:14,4
DA:18,8
LF:7
LH:7
end_of_record
SF:lib/components/sys_config.dart
DA:7,0
DA:8,0
DA:9,0
DA:10,0
DA:17,0
DA:20,0
DA:21,0
DA:22,0
DA:23,0
DA:24,0
DA:25,0
DA:27,0
DA:28,0
DA:29,0
DA:32,0
DA:33,0
DA:37,0
DA:38,0
DA:39,0
DA:40,0
DA:41,0
DA:45,0
DA:46,0
DA:47,0
DA:48,0
DA:49,0
DA:50,0
DA:51,0
DA:52,0
DA:53,0
DA:54,0
DA:55,0
DA:56,0
DA:57,0
DA:58,0
DA:59,0
DA:60,0
DA:61,0
DA:62,0
DA:63,0
DA:64,0
DA:65,0
DA:66,0
DA:67,0
DA:68,0
DA:69,0
DA:72,0
LF:47
LH:0
end_of_record
SF:lib/components/system_app_bar.dart
DA:25,4
DA:26,2
DA:27,2
DA:29,2
DA:39,2
DA:40,2
DA:41,2
DA:42,2
DA:45,1
DA:46,2
DA:48,4
DA:54,0
DA:55,0
DA:56,0
DA:58,0
DA:61,0
DA:62,0
DA:63,0
DA:64,0
DA:65,0
DA:67,0
DA:68,0
LF:22
LH:11
end_of_record
SF:lib/pages/log_page.dart
DA:17,58
DA:18,0
DA:19,0
DA:26,0
DA:28,0
DA:29,0
DA:30,0
DA:31,0
DA:34,0
DA:36,0
DA:37,0
DA:38,0
DA:39,0
DA:40,0
DA:41,0
DA:42,0
DA:43,0
DA:44,0
DA:45,0
DA:47,0
DA:50,0
DA:54,0
DA:56,0
DA:58,0
DA:60,0
DA:62,0
DA:66,0
DA:67,0
DA:68,0
DA:69,0
DA:71,0
DA:73,0
DA:75,0
DA:78,0
DA:79,0
DA:80,0
DA:81,0
DA:82,0
DA:85,0
DA:86,0
DA:150,0
DA:151,0
DA:152,0
DA:155,0
DA:158,0
DA:160,0
DA:163,0
DA:165,0
DA:169,0
DA:171,0
DA:172,0
DA:177,0
DA:178,0
DA:180,0
DA:193,0
DA:194,0
DA:198,0
LF:57
LH:1
end_of_record
SF:lib/components/title_text.dart
DA:23,3
DA:24,3
DA:27,3
DA:44,3
DA:45,3
DA:48,3
DA:56,3
DA:60,4
DA:67,2
DA:69,8
DA:70,8
DA:74,3
DA:77,3
DA:78,3
DA:79,3
LF:15
LH:15
end_of_record
SF:lib/components/system_display/pump_display.dart
DA:10,30
DA:11,2
DA:12,2
DA:13,2
LF:4
LH:4
end_of_record
SF:lib/components/system_display/system_display.dart
DA:8,30
DA:14,1
DA:16,1
DA:17,1
DA:18,1
DA:19,1
DA:20,1
DA:21,1
DA:22,1
DA:31,0
DA:37,0
DA:39,0
DA:42,0
DA:43,0
DA:44,0
DA:45,0
DA:52,1
DA:61,1
DA:63,1
DA:64,3
DA:65,0
DA:66,0
DA:67,0
DA:68,0
DA:69,0
DA:71,0
DA:72,0
DA:73,0
DA:75,0
DA:77,0
DA:78,0
DA:82,0
DA:84,0
DA:85,0
DA:86,0
DA:88,0
DA:90,0
DA:95,0
DA:97,0
DA:98,0
DA:99,0
DA:101,0
DA:103,0
DA:104,0
DA:105,0
DA:109,0
DA:110,0
DA:111,0
DA:112,0
DA:114,0
DA:116,0
DA:117,0
DA:123,2
DA:124,2
DA:125,2
LF:55
LH:16
end_of_record
SF:lib/components/system_elements/pump_element.dart
DA:12,0
LF:1
LH:0
end_of_record
SF:lib/components/system_display/sonicator_display.dart
DA:12,30
DA:14,2
DA:15,2
DA:16,2
LF:4
LH:4
end_of_record
SF:lib/components/system_elements/sonicator_element.dart
DA:11,0
LF:1
LH:0
end_of_record
SF:lib/components/system_display/tank_display.dart
DA:10,29
DA:11,0
DA:12,0
DA:13,0
LF:4
LH:1
end_of_record
SF:lib/components/system_elements/tank_element.dart
DA:12,0
LF:1
LH:0
end_of_record
SF:lib/components/system_images/pump_image.dart
DA:8,30
DA:10,3
DA:11,1
LF:3
LH:3
end_of_record
SF:lib/components/system_images/system_image.dart
DA:14,88
DA:22,2
DA:25,2
DA:29,4
DA:30,0
DA:31,0
DA:34,6
DA:35,6
DA:38,4
DA:40,1
DA:41,1
DA:42,4
DA:43,3
DA:45,1
DA:51,1
DA:52,0
DA:53,0
DA:55,1
DA:57,0
DA:58,0
DA:60,0
DA:61,0
DA:64,1
DA:65,0
DA:66,0
DA:69,1
DA:70,1
DA:73,1
DA:76,1
DA:78,2
DA:85,1
DA:86,1
DA:87,1
DA:90,1
DA:91,1
DA:96,0
DA:97,0
DA:100,1
DA:101,1
DA:102,1
DA:107,1
DA:108,1
DA:115,1
DA:116,1
DA:117,1
DA:118,1
LF:46
LH:34
end_of_record
SF:lib/components/system_images/sonicator_image.dart
DA:6,30
DA:8,3
DA:9,2
LF:3
LH:3
end_of_record
SF:lib/components/system_images/tank_image.dart
DA:5,30
DA:7,3
DA:8,1
LF:3
LH:3
end_of_record
SF:lib/components/system_input_warning.dart
DA:5,29
DA:6,1
DA:7,1
DA:9,0
DA:10,0
DA:16,1
DA:17,1
DA:19,1
DA:23,1
DA:25,1
LF:10
LH:8
end_of_record
SF:lib/controllers/text_controllers.dart
DA:26,0
DA:29,0
DA:32,0
DA:72,0
DA:73,0
DA:74,0
DA:76,0
DA:77,0
DA:78,0
DA:79,0
DA:80,0
DA:81,0
DA:82,0
DA:85,0
DA:86,0
DA:87,0
DA:89,0
DA:90,0
DA:91,0
DA:92,0
DA:93,0
DA:94,0
DA:95,0
DA:98,0
DA:99,0
DA:100,0
DA:102,0
DA:103,0
DA:105,0
DA:106,0
DA:107,0
DA:108,0
DA:109,0
DA:110,0
DA:113,0
DA:114,0
DA:115,0
DA:116,0
DA:117,0
DA:120,0
DA:121,0
DA:123,0
DA:124,0
DA:126,0
DA:127,0
DA:129,0
DA:130,0
DA:133,0
DA:134,0
DA:135,0
DA:136,0
DA:140,0
DA:141,0
DA:144,0
DA:145,0
DA:148,0
DA:149,0
DA:152,0
DA:153,0
DA:156,0
DA:157,0
LF:61
LH:0
end_of_record
SF:lib/main.dart
DA:31,0
DA:34,0
DA:44,0
DA:45,0
DA:50,0
DA:53,0
DA:55,0
DA:58,0
DA:60,0
DA:64,0
DA:65,0
DA:66,0
DA:67,0
DA:68,0
DA:69,0
DA:70,0
DA:73,0
DA:74,0
DA:75,0
DA:78,0
DA:79,0
DA:80,0
DA:83,0
DA:85,0
DA:86,0
DA:106,29
DA:116,0
DA:118,0
DA:120,0
DA:122,0
DA:123,0
DA:127,0
DA:128,0
DA:129,0
DA:130,0
DA:131,0
DA:132,0
DA:133,0
DA:134,0
DA:135,0
DA:136,0
DA:137,0
DA:139,0
DA:141,0
DA:142,0
DA:143,0
DA:144,0
DA:145,0
DA:146,0
DA:170,0
DA:180,0
DA:182,0
DA:183,0
LF:53
LH:1
end_of_record
SF:lib/shared/banners.dart
DA:17,0
DA:19,0
DA:20,0
DA:29,0
DA:36,0
DA:55,0
DA:60,0
DA:65,0
DA:66,0
DA:72,0
DA:74,0
DA:75,0
DA:76,0
DA:77,0
DA:79,0
DA:81,0
DA:86,0
DA:87,0
DA:88,0
DA:89,0
DA:90,0
DA:91,0
DA:96,0
DA:103,0
DA:105,0
DA:106,0
DA:108,0
DA:111,0
DA:113,0
DA:114,0
DA:116,0
DA:120,0
DA:121,0
DA:124,0
DA:126,0
DA:128,0
DA:132,0
LF:37
LH:0
end_of_record
SF:lib/handlers/current_run.dart
DA:36,0
DA:39,0
DA:42,0
DA:45,0
DA:48,0
DA:53,0
DA:54,0
DA:55,0
DA:56,0
DA:57,0
DA:58,0
DA:59,0
DA:60,0
DA:62,0
DA:67,0
DA:68,0
LF:16
LH:0
end_of_record
SF:lib/handlers/history_logs.dart
DA:57,0
DA:59,0
DA:60,0
DA:61,0
DA:62,0
DA:65,0
DA:66,0
DA:67,0
DA:68,0
DA:72,0
DA:85,0
DA:86,0
DA:87,0
DA:89,0
DA:91,0
DA:92,0
DA:93,0
DA:94,0
DA:95,0
DA:96,0
DA:97,0
DA:98,0
DA:99,0
DA:100,0
DA:104,0
DA:105,0
DA:112,0
DA:113,0
DA:116,0
DA:117,0
DA:118,0
DA:119,0
DA:122,0
DA:123,0
DA:124,0
DA:126,0
DA:127,0
DA:128,0
DA:129,0
DA:133,0
DA:134,0
DA:136,0
DA:139,0
DA:140,0
DA:141,0
DA:142,0
DA:143,0
DA:146,0
DA:147,0
DA:150,0
DA:151,0
DA:154,0
DA:155,0
DA:156,0
DA:157,0
DA:163,0
DA:164,0
DA:170,0
DA:172,0
DA:173,0
DA:174,0
DA:176,0
DA:177,0
DA:178,0
DA:179,0
DA:181,0
LF:66
LH:0
end_of_record
SF:lib/objects/save_slot.dart
DA:58,0
DA:59,0
DA:60,0
DA:61,0
DA:62,0
DA:63,0
DA:64,0
DA:65,0
DA:66,0
DA:67,0
DA:69,0
DA:79,0
DA:81,0
DA:82,0
DA:84,0
DA:85,0
DA:86,0
DA:87,0
DA:92,0
DA:93,0
DA:94,0
DA:95,0
DA:96,0
DA:97,0
DA:98,0
DA:99,0
DA:100,0
DA:101,0
DA:108,0
DA:109,0
DA:110,0
DA:111,0
DA:112,0
DA:113,0
DA:114,0
DA:115,0
DA:116,0
DA:117,0
DA:118,0
DA:121,0
DA:130,0
LF:41
LH:0
end_of_record
SF:lib/dialogs/log_dialog.dart
DA:10,0
DA:14,0
DA:15,0
DA:17,0
DA:18,0
DA:20,0
DA:21,0
DA:33,0
DA:35,0
DA:37,0
DA:38,0
DA:39,0
DA:40,0
DA:43,0
DA:45,0
DA:46,0
DA:47,0
DA:48,0
DA:50,0
DA:51,0
DA:52,0
DA:57,0
DA:58,0
DA:59,0
DA:60,0
DA:61,0
DA:62,0
DA:63,0
DA:64,0
DA:68,0
DA:69,0
DA:70,0
DA:86,0
DA:87,0
DA:88,0
DA:89,0
DA:90,0
DA:91,0
DA:94,0
DA:95,0
DA:96,0
LF:41
LH:0
end_of_record
SF:lib/dialogs/style.dart
DA:4,0
DA:5,0
DA:6,0
DA:7,0
DA:8,0
DA:9,0
DA:15,0
DA:25,0
DA:27,0
DA:28,0
DA:30,0
DA:31,0
DA:32,0
LF:13
LH:0
end_of_record
SF:lib/objects/database_model.dart
DA:31,0
DA:32,0
DA:43,0
DA:44,0
DA:45,0
DA:57,0
DA:58,0
DA:59,0
DA:62,0
DA:63,0
DA:68,0
DA:69,0
DA:70,0
DA:71,0
DA:73,0
DA:76,0
DA:79,0
DA:85,0
DA:86,0
DA:87,0
DA:88,0
DA:90,0
DA:91,0
DA:96,0
DA:97,0
DA:98,0
DA:99,0
DA:101,0
DA:102,0
DA:104,0
DA:108,0
DA:109,0
DA:110,0
DA:114,0
DA:115,0
DA:116,0
DA:117,0
DA:119,0
DA:120,0
DA:125,0
DA:126,0
DA:127,0
DA:130,0
DA:134,0
DA:135,0
DA:136,0
DA:137,0
DA:141,0
LF:48
LH:0
end_of_record
SF:lib/shared/snacks.dart
DA:4,0
DA:5,0
DA:21,0
DA:26,0
DA:31,0
DA:35,0
DA:36,0
DA:39,0
DA:40,0
DA:43,0
DA:45,0
DA:47,0
DA:48,0
DA:51,0
DA:53,0
DA:55,0
DA:57,0
DA:59,0
DA:61,0
DA:63,0
DA:65,0
DA:67,0
LF:22
LH:0
end_of_record
SF:lib/pages/home/run_page.dart
DA:26,116
DA:28,0
DA:29,0
DA:38,0
DA:40,0
DA:43,0
DA:45,0
DA:46,0
DA:47,0
DA:48,0
DA:51,0
DA:52,0
DA:54,0
DA:57,0
DA:58,0
DA:59,0
DA:60,0
DA:62,0
DA:63,0
DA:64,0
DA:65,0
DA:66,0
DA:75,0
DA:76,0
DA:77,0
DA:79,0
DA:80,0
DA:84,0
DA:85,0
DA:86,0
DA:89,0
DA:91,0
DA:92,0
DA:93,0
DA:94,0
DA:98,0
DA:109,0
DA:110,0
DA:111,0
DA:112,0
DA:113,0
DA:114,0
DA:115,0
DA:117,0
DA:119,0
DA:120,0
DA:121,0
DA:122,0
DA:129,0
DA:130,0
DA:131,0
DA:132,0
DA:133,0
DA:135,0
DA:137,0
DA:138,0
DA:139,0
DA:140,0
DA:159,0
DA:163,0
DA:170,29
DA:173,0
DA:175,0
DA:176,0
DA:178,0
DA:179,0
DA:181,0
LF:67
LH:2
end_of_record
SF:lib/shared/maps.dart
DA:3,0
DA:11,0
LF:2
LH:0
end_of_record
SF:lib/pages/alarm_page.dart
DA:8,29
DA:9,0
DA:10,0
DA:14,0
DA:16,0
DA:17,0
DA:18,0
DA:19,0
DA:20,0
DA:21,0
DA:22,0
DA:23,0
DA:24,0
DA:25,0
DA:26,0
DA:27,0
DA:31,0
DA:32,0
DA:34,0
DA:37,0
DA:41,0
DA:42,0
DA:43,0
DA:56,0
LF:24
LH:1
end_of_record
SF:lib/pages/config_page.dart
DA:17,29
DA:18,0
DA:19,0
DA:24,0
DA:26,0
DA:27,0
DA:28,0
DA:29,0
DA:30,0
DA:31,0
DA:32,0
DA:33,0
DA:34,0
DA:35,0
DA:37,0
DA:38,0
DA:41,0
DA:42,0
DA:43,0
DA:44,0
DA:45,0
DA:46,0
DA:49,0
DA:50,0
DA:51,0
DA:52,0
DA:59,0
DA:62,0
DA:66,0
DA:71,0
DA:73,0
DA:76,0
DA:77,0
DA:80,0
DA:81,0
DA:84,0
DA:87,0
DA:90,0
DA:94,0
LF:39
LH:1
end_of_record
SF:lib/pages/home/end_page.dart
DA:14,87
DA:15,0
DA:16,0
DA:22,0
DA:24,0
DA:25,0
DA:26,0
DA:27,0
DA:28,0
DA:32,0
DA:33,0
DA:35,0
DA:36,0
DA:37,0
DA:38,0
DA:39,0
DA:41,0
DA:42,0
DA:45,0
DA:46,0
DA:47,0
DA:50,0
DA:58,0
LF:23
LH:1
end_of_record
SF:lib/pages/home/start_page.dart
DA:45,87
DA:51,0
DA:52,0
DA:56,0
DA:57,0
DA:65,0
DA:67,0
DA:69,0
DA:70,0
DA:71,0
DA:72,0
DA:73,0
DA:75,0
DA:79,0
DA:80,0
DA:81,0
DA:84,0
DA:85,0
DA:86,0
DA:89,0
DA:90,0
DA:92,0
DA:113,0
DA:115,0
DA:116,0
DA:118,0
DA:119,0
DA:120,0
DA:123,0
DA:124,0
DA:125,0
DA:126,0
DA:127,0
DA:128,0
DA:129,0
DA:130,0
DA:131,0
DA:133,0
DA:134,0
DA:135,0
DA:144,0
DA:145,0
DA:147,0
DA:149,0
DA:151,0
DA:153,0
DA:154,0
DA:155,0
DA:156,0
DA:158,0
DA:159,0
DA:163,0
DA:165,0
DA:177,0
DA:178,0
DA:180,0
DA:183,0
DA:184,0
DA:185,0
DA:187,0
DA:188,0
DA:189,0
DA:192,0
DA:193,0
DA:194,0
DA:196,0
DA:199,0
DA:206,0
DA:211,0
DA:220,0
DA:225,0
LF:71
LH:1
end_of_record
SF:lib/pages/login_or_reg_page.dart
DA:27,30
DA:33,1
DA:34,1
DA:53,0
DA:54,0
DA:55,0
DA:59,1
DA:61,1
DA:62,2
DA:64,0
LF:10
LH:6
end_of_record
SF:lib/pages/log_history_page.dart
DA:12,29
DA:13,0
DA:14,0
DA:18,0
DA:20,0
DA:21,0
DA:23,0
DA:24,0
DA:25,0
DA:26,0
DA:27,0
DA:28,0
DA:29,0
DA:30,0
DA:31,0
DA:32,0
DA:33,0
DA:34,0
DA:35,0
DA:36,0
DA:37,0
DA:38,0
DA:39,0
DA:40,0
DA:41,0
DA:43,0
DA:44,0
DA:45,0
DA:46,0
DA:47,0
DA:48,0
DA:49,0
DA:50,0
DA:52,0
DA:53,0
DA:58,0
DA:59,0
DA:60,0
DA:62,0
DA:64,0
DA:67,0
DA:70,0
DA:71,0
DA:73,0
DA:74,0
DA:76,0
DA:77,0
DA:78,0
DA:80,0
DA:81,0
DA:82,0
DA:83,0
DA:84,0
DA:85,0
DA:92,0
DA:93,0
DA:94,0
DA:97,0
DA:98,0
DA:99,0
DA:100,0
DA:114,0
LF:62
LH:1
end_of_record
SF:lib/pages/sign_in.dart
DA:32,2
DA:35,2
DA:36,2
DA:47,0
DA:48,0
DA:49,0
DA:50,0
DA:51,0
DA:52,0
DA:53,0
DA:54,0
DA:56,0
DA:63,0
DA:64,0
DA:65,0
DA:66,0
DA:72,0
DA:74,0
DA:75,0
DA:76,0
DA:78,0
DA:79,0
DA:80,0
DA:81,0
DA:82,0
DA:84,0
DA:87,0
DA:91,0
DA:93,0
DA:95,0
DA:98,0
DA:103,1
DA:104,3
DA:111,1
DA:112,4
DA:113,0
DA:119,1
DA:121,1
DA:122,2
DA:123,2
DA:126,2
DA:128,2
DA:129,2
DA:130,2
DA:131,2
DA:132,2
DA:133,2
DA:134,2
DA:136,2
DA:138,2
DA:139,4
DA:140,6
DA:141,2
DA:142,2
DA:145,2
DA:146,2
DA:147,2
DA:148,2
DA:149,2
DA:151,2
DA:153,6
DA:156,2
DA:158,2
DA:160,6
DA:164,2
DA:165,2
DA:167,1
DA:168,3
DA:170,2
DA:171,2
DA:179,2
DA:180,2
DA:182,1
DA:183,3
DA:185,2
DA:186,2
DA:187,2
DA:188,2
DA:193,2
DA:194,4
DA:197,0
DA:198,0
DA:199,0
DA:204,2
DA:206,2
DA:207,2
DA:208,2
DA:210,4
DA:212,0
DA:213,0
DA:214,0
DA:215,0
DA:216,0
DA:236,2
DA:237,2
DA:239,2
DA:240,2
DA:241,2
DA:242,2
DA:252,0
DA:253,0
DA:256,0
DA:257,0
DA:261,2
DA:262,2
DA:263,2
DA:265,4
DA:266,2
DA:268,4
DA:274,2
DA:276,4
DA:279,2
DA:280,2
DA:281,2
DA:282,2
DA:283,0
DA:284,0
DA:287,0
DA:293,2
DA:294,2
DA:295,2
DA:299,2
DA:300,2
DA:302,4
DA:304,2
DA:305,4
DA:326,2
LF:127
LH:83
end_of_record
SF:lib/pages/register_page.dart
DA:16,0
DA:18,0
DA:19,0
DA:34,0
DA:35,0
DA:36,0
DA:37,0
DA:38,0
DA:39,0
DA:40,0
DA:41,0
DA:43,0
DA:51,0
DA:52,0
DA:53,0
DA:54,0
DA:62,0
DA:63,0
DA:65,0
DA:66,0
DA:67,0
DA:68,0
DA:70,0
DA:71,0
DA:73,0
DA:75,0
DA:77,0
DA:81,0
DA:82,0
DA:89,0
DA:90,0
DA:96,0
DA:97,0
DA:103,0
DA:105,0
DA:106,0
DA:107,0
DA:108,0
DA:109,0
DA:112,0
DA:116,0
DA:117,0
DA:118,0
DA:119,0
DA:120,0
DA:121,0
DA:122,0
DA:124,0
DA:126,0
DA:127,0
DA:128,0
DA:129,0
DA:130,0
DA:133,0
DA:134,0
DA:135,0
DA:136,0
DA:138,0
DA:140,0
DA:143,0
DA:145,0
DA:147,0
DA:151,0
DA:152,0
DA:153,0
DA:156,0
DA:164,0
DA:165,0
DA:166,0
DA:168,0
DA:169,0
DA:177,0
DA:178,0
DA:179,0
DA:181,0
DA:182,0
DA:183,0
DA:184,0
DA:189,0
DA:190,0
DA:193,0
DA:194,0
DA:195,0
DA:200,0
DA:201,0
DA:202,0
DA:204,0
DA:205,0
DA:206,0
DA:207,0
DA:212,0
DA:213,0
DA:216,0
DA:217,0
DA:218,0
DA:238,0
DA:239,0
DA:241,0
DA:242,0
DA:243,0
DA:244,0
DA:254,0
DA:255,0
DA:260,0
DA:261,0
DA:262,0
DA:264,0
DA:265,0
DA:266,0
DA:271,0
DA:274,0
DA:275,0
DA:285,0
DA:286,0
DA:287,0
DA:289,0
DA:290,0
DA:292,0
DA:295,0
DA:296,0
DA:316,0
LF:121
LH:0
end_of_record
SF:lib/pages/reset_password.dart
DA:16,58
DA:17,0
DA:18,0
DA:26,0
DA:27,0
DA:28,0
DA:29,0
DA:30,0
DA:32,0
DA:33,0
DA:35,0
DA:42,0
DA:43,0
DA:50,0
DA:52,0
DA:53,0
DA:56,0
DA:58,0
DA:59,0
DA:60,0
DA:61,0
DA:62,0
DA:63,0
DA:64,0
DA:66,0
DA:68,0
DA:69,0
DA:70,0
DA:71,0
DA:72,0
DA:75,0
DA:76,0
DA:77,0
DA:78,0
DA:79,0
DA:81,0
DA:83,0
DA:86,0
DA:87,0
DA:89,0
DA:91,0
DA:95,0
DA:96,0
DA:97,0
DA:99,0
DA:100,0
DA:108,0
DA:109,0
DA:111,0
DA:112,0
DA:116,0
DA:117,0
DA:127,0
DA:128,0
DA:143,0
DA:145,0
DA:147,0
DA:149,0
DA:153,0
DA:156,0
DA:157,0
DA:158,0
LF:62
LH:1
end_of_record
SF:lib/components/freq_lock_display.dart
DA:3,1
DA:15,1
DA:16,1
DA:17,1
DA:20,1
DA:23,1
DA:24,1
DA:28,1
DA:31,1
DA:34,1
DA:35,1
DA:37,1
DA:39,1
DA:40,0
LF:14
LH:13
end_of_record
SF:lib/components/toggle_switch.dart
DA:7,2
DA:9,1
DA:10,1
DA:18,1
DA:20,1
DA:21,1
DA:22,1
DA:23,2
DA:24,2
DA:25,2
DA:26,2
DA:27,1
DA:30,1
DA:32,1
DA:33,1
DA:34,1
DA:35,1
DA:36,1
DA:37,2
DA:38,2
DA:40,2
DA:42,3
DA:43,3
DA:44,0
DA:46,1
DA:49,1
DA:50,1
DA:51,3
DA:55,1
DA:58,1
DA:60,4
DA:61,1
LF:32
LH:31
end_of_record
