SF:lib/handlers/user_handler.dart
DA:53,2
DA:59,2
DA:65,0
DA:71,0
DA:77,0
DA:83,0
DA:85,1
DA:86,0
DA:87,0
DA:88,1
DA:91,1
DA:92,2
DA:94,2
DA:95,2
DA:96,2
DA:97,5
DA:98,1
DA:99,1
DA:100,1
DA:101,1
DA:102,1
DA:103,1
DA:104,1
DA:107,1
DA:111,1
DA:112,4
DA:113,5
DA:114,4
DA:118,1
DA:119,4
DA:120,5
DA:121,4
DA:125,1
DA:126,1
DA:127,1
DA:128,1
DA:129,2
DA:130,4
DA:134,1
DA:135,1
DA:136,1
DA:137,1
DA:138,2
DA:139,3
DA:140,1
DA:141,0
DA:143,1
DA:148,1
DA:149,1
DA:150,1
DA:151,1
DA:152,2
DA:153,3
DA:154,1
DA:155,0
DA:157,1
DA:162,0
DA:163,0
DA:164,0
DA:173,1
DA:174,5
DA:175,3
DA:176,1
DA:177,1
DA:178,0
DA:180,0
DA:181,0
DA:184,4
DA:185,2
DA:186,2
DA:187,0
DA:190,0
DA:191,0
DA:195,1
DA:196,1
DA:197,1
DA:198,2
DA:199,1
DA:200,1
DA:201,1
DA:202,1
DA:203,1
DA:206,1
DA:207,2
DA:208,3
DA:209,3
DA:214,0
DA:215,0
DA:217,0
DA:218,0
DA:219,0
DA:221,0
DA:222,0
DA:231,1
DA:232,1
DA:235,1
DA:236,1
DA:239,1
DA:240,2
DA:241,3
DA:242,3
DA:246,1
DA:247,3
DA:248,1
DA:251,1
DA:252,1
DA:255,1
DA:256,1
DA:259,1
DA:260,1
DA:261,0
DA:262,0
DA:263,0
DA:265,0
DA:270,1
DA:272,1
DA:273,1
DA:277,0
DA:279,0
DA:280,0
DA:284,1
DA:285,2
DA:286,1
DA:289,1
DA:290,1
DA:293,1
DA:294,2
DA:295,1
DA:298,1
DA:299,1
DA:300,1
DA:303,1
DA:304,3
DA:307,1
DA:308,3
DA:309,3
DA:310,5
DA:312,1
DA:321,1
DA:323,2
DA:327,1
DA:328,1
DA:329,0
DA:330,0
DA:331,0
DA:332,0
DA:334,1
DA:347,1
DA:350,1
DA:352,1
DA:358,0
DA:359,0
DA:360,0
DA:361,0
DA:364,0
DA:365,0
DA:366,0
DA:367,0
DA:368,0
DA:369,0
DA:370,0
DA:383,0
DA:386,0
DA:387,0
DA:388,0
DA:396,0
DA:397,0
DA:398,0
DA:399,0
DA:406,0
DA:409,0
DA:411,0
DA:415,0
DA:416,0
DA:419,0
DA:420,0
DA:428,0
DA:429,0
DA:434,0
DA:435,0
DA:436,0
DA:437,0
DA:438,0
DA:439,0
DA:440,0
LF:185
LH:115
end_of_record
SF:lib/providers/system_data_provider.dart
DA:44,2
DA:57,1
DA:58,3
DA:59,2
DA:68,1
DA:69,3
DA:70,2
DA:79,1
DA:80,1
DA:81,2
DA:89,1
DA:90,1
DA:91,1
DA:126,1
DA:127,1
DA:128,1
DA:129,1
DA:131,2
DA:132,0
DA:133,0
DA:138,1
DA:139,1
DA:140,1
DA:141,2
DA:142,1
DA:157,1
DA:158,2
DA:159,1
DA:160,1
DA:161,1
DA:162,1
DA:163,1
DA:172,0
DA:184,0
DA:185,0
DA:186,0
DA:194,0
DA:196,0
DA:200,0
DA:203,0
DA:206,0
DA:212,0
DA:215,0
DA:218,0
DA:229,0
DA:231,0
DA:232,0
DA:233,0
DA:234,0
DA:235,0
DA:236,0
DA:238,0
DA:243,0
DA:245,0
DA:246,0
DA:248,0
DA:249,0
DA:250,0
DA:251,0
DA:252,0
DA:255,0
DA:256,0
DA:257,0
DA:258,0
DA:259,0
DA:260,0
DA:261,0
DA:264,0
DA:265,0
DA:269,0
DA:270,0
DA:271,0
DA:272,0
DA:273,0
DA:275,0
DA:278,0
DA:279,0
DA:287,0
DA:288,0
DA:289,0
DA:292,0
DA:297,0
DA:298,0
DA:299,0
DA:300,0
DA:301,0
DA:302,0
DA:307,0
DA:308,0
DA:309,0
DA:312,0
DA:313,0
DA:315,0
DA:316,0
DA:321,0
DA:323,0
DA:324,0
DA:325,0
DA:328,0
DA:330,0
DA:333,0
DA:334,0
DA:335,0
DA:336,0
DA:339,0
DA:340,0
DA:341,0
DA:344,0
DA:350,0
DA:351,0
DA:352,0
DA:353,0
DA:354,0
DA:356,0
DA:357,0
DA:358,0
DA:360,0
DA:361,0
DA:362,0
DA:365,0
DA:366,0
DA:370,0
DA:371,0
DA:372,0
DA:376,0
DA:386,0
DA:389,0
DA:390,0
DA:392,0
DA:393,0
DA:394,0
DA:395,0
DA:396,0
DA:398,0
DA:399,0
DA:401,0
DA:402,0
DA:403,0
DA:404,0
DA:407,0
DA:408,0
DA:409,0
DA:410,0
DA:411,0
DA:415,0
DA:416,0
DA:417,0
DA:418,0
DA:419,0
DA:420,0
DA:421,0
DA:422,0
DA:423,0
DA:424,0
DA:425,0
DA:426,0
DA:429,0
DA:430,0
DA:432,0
DA:433,0
DA:437,0
LF:161
LH:30
end_of_record
SF:lib/providers/display_data_provider.dart
DA:25,2
DA:34,1
DA:35,1
DA:36,1
LF:4
LH:4
end_of_record
SF:lib/providers/transform_provider.dart
DA:30,0
DA:37,0
DA:38,0
DA:46,0
DA:48,0
DA:49,0
DA:57,0
DA:58,0
DA:59,0
DA:67,0
DA:68,0
DA:69,0
DA:70,0
DA:74,0
DA:78,0
DA:79,0
DA:80,0
DA:81,0
LF:18
LH:0
end_of_record
SF:lib/api/firebase_api.dart
DA:29,0
DA:32,0
DA:33,0
DA:34,0
DA:36,0
DA:52,1
DA:56,0
DA:57,0
DA:58,0
DA:65,0
DA:66,0
DA:67,0
DA:72,0
DA:78,0
DA:82,0
DA:83,0
DA:86,0
DA:89,0
DA:92,0
DA:93,0
DA:96,1
DA:99,2
DA:100,3
DA:103,0
DA:108,0
DA:109,0
DA:112,1
DA:115,1
DA:116,5
DA:119,1
DA:120,1
DA:121,3
DA:122,2
DA:123,2
DA:128,0
DA:131,0
DA:132,0
DA:135,0
DA:136,0
DA:137,0
DA:138,0
DA:139,0
DA:140,0
DA:141,0
DA:142,0
DA:143,0
DA:144,0
DA:145,0
DA:150,0
DA:151,0
DA:152,0
DA:156,0
DA:159,0
DA:162,0
DA:164,0
LF:55
LH:12
end_of_record
SF:lib/data_models/device.dart
DA:49,1
DA:111,1
DA:112,1
DA:117,1
DA:129,0
DA:130,0
DA:132,0
DA:133,0
DA:136,0
DA:138,0
DA:139,0
DA:140,0
DA:141,0
DA:143,0
DA:145,0
DA:146,0
DA:149,0
DA:150,0
DA:151,0
DA:152,0
DA:153,0
DA:154,0
DA:155,0
DA:156,0
DA:166,0
DA:167,0
DA:183,0
DA:184,0
DA:185,0
DA:189,0
DA:193,0
DA:195,0
DA:210,0
DA:211,0
DA:218,0
DA:219,0
DA:220,0
DA:221,0
DA:225,0
DA:229,0
DA:230,0
DA:233,0
DA:235,0
DA:236,0
DA:238,0
DA:239,0
DA:240,0
DA:242,0
DA:245,0
DA:248,0
DA:249,0
DA:253,0
DA:255,0
DA:266,0
DA:267,0
DA:268,0
DA:269,0
DA:281,0
DA:282,0
DA:283,0
DA:284,0
DA:287,0
DA:288,0
DA:289,0
DA:290,0
DA:291,0
DA:292,0
DA:296,0
DA:297,0
DA:298,0
LF:70
LH:4
end_of_record
SF:lib/handlers/config_handler.dart
DA:38,0
DA:41,0
DA:44,0
DA:47,0
DA:50,0
DA:53,0
DA:56,0
DA:59,0
DA:62,0
DA:65,0
DA:66,0
DA:67,0
DA:69,0
DA:71,0
DA:72,0
DA:73,0
DA:74,0
DA:76,0
DA:77,0
DA:78,0
DA:79,0
DA:80,0
DA:81,0
DA:83,0
DA:84,0
DA:85,0
DA:86,0
DA:87,0
DA:88,0
DA:90,0
DA:92,1
DA:93,2
DA:96,1
DA:97,1
DA:99,1
DA:100,1
DA:101,2
DA:102,3
DA:103,4
DA:109,0
DA:110,0
DA:112,0
DA:114,0
DA:117,1
DA:118,1
DA:120,1
DA:124,1
DA:125,1
DA:127,1
DA:131,1
DA:132,1
DA:134,1
DA:138,1
DA:139,1
DA:141,1
DA:145,1
DA:146,2
DA:147,5
DA:150,1
DA:151,1
DA:153,1
DA:157,1
DA:158,1
DA:161,1
DA:162,1
DA:165,1
DA:166,1
DA:169,1
DA:170,1
DA:173,1
DA:174,1
DA:177,1
DA:178,1
DA:181,1
DA:182,1
LF:75
LH:41
end_of_record
SF:lib/handlers/state_handler.dart
DA:31,2
DA:37,4
DA:40,2
DA:43,2
DA:46,2
DA:49,2
DA:52,9
DA:55,2
DA:58,2
DA:61,2
DA:64,2
DA:67,2
DA:70,2
DA:72,2
DA:73,2
DA:74,2
DA:76,3
DA:78,1
DA:79,1
DA:81,1
DA:82,1
DA:83,2
DA:84,3
DA:85,4
DA:90,1
DA:92,7
DA:93,2
DA:96,4
DA:97,4
DA:98,4
DA:101,1
DA:102,2
DA:103,7
DA:104,6
DA:105,3
DA:111,1
DA:113,2
DA:114,2
DA:115,2
DA:116,2
DA:117,2
DA:119,2
DA:120,2
DA:121,2
DA:123,2
DA:124,2
DA:125,2
DA:127,2
DA:128,2
DA:129,2
DA:132,2
LF:51
LH:51
end_of_record
SF:lib/handlers/alarm_handler.dart
DA:60,1
DA:78,1
DA:79,1
DA:80,1
DA:81,1
DA:82,1
DA:83,1
DA:84,1
DA:85,1
DA:86,2
DA:87,2
DA:120,1
DA:135,1
DA:136,1
DA:137,1
DA:138,1
DA:139,1
DA:156,1
DA:157,2
DA:172,0
DA:173,0
DA:174,0
DA:176,2
DA:177,2
DA:178,2
DA:179,2
DA:180,2
DA:182,2
DA:183,2
DA:184,2
DA:185,2
DA:186,2
DA:188,3
DA:190,3
DA:192,0
DA:193,2
DA:194,2
DA:195,0
DA:197,0
DA:198,0
DA:199,0
DA:200,0
DA:201,0
DA:205,0
DA:207,0
DA:208,0
DA:209,0
DA:210,0
DA:218,1
DA:219,1
DA:221,1
DA:222,2
DA:223,3
DA:224,4
DA:229,0
DA:230,0
DA:231,0
DA:234,0
DA:237,0
DA:238,0
DA:241,0
DA:242,0
DA:243,0
DA:246,0
DA:247,0
DA:248,0
DA:251,0
DA:252,0
DA:255,0
DA:256,0
DA:259,0
DA:260,0
DA:263,0
DA:264,0
DA:266,0
DA:267,0
DA:270,1
DA:272,4
DA:273,4
DA:274,2
DA:275,2
DA:276,1
DA:282,0
DA:284,0
DA:285,0
DA:286,0
DA:288,0
DA:289,0
DA:290,0
DA:291,0
DA:292,0
DA:294,0
DA:295,0
DA:296,0
DA:297,0
DA:298,0
DA:300,0
DA:301,0
DA:302,0
DA:303,0
DA:306,0
LF:101
LH:45
end_of_record
SF:lib/data_models/property.dart
DA:31,3
DA:36,3
DA:38,9
DA:44,0
DA:45,0
DA:48,0
DA:49,0
DA:50,0
DA:59,0
DA:61,0
DA:63,0
DA:64,0
DA:66,0
DA:70,0
LF:14
LH:3
end_of_record
SF:lib/data_classes/status_message.dart
DA:37,1
DA:39,1
DA:44,2
DA:50,1
DA:55,2
DA:60,5
DA:61,5
LF:7
LH:7
end_of_record
SF:lib/shared/constants.dart
DA:73,0
LF:1
LH:0
end_of_record
SF:lib/Formatters/formatters.dart
DA:27,0
DA:28,0
DA:33,0
DA:38,0
DA:39,0
DA:41,0
DA:42,0
DA:43,0
DA:44,0
DA:45,0
DA:46,0
DA:48,0
DA:49,0
DA:50,0
DA:53,0
LF:15
LH:0
end_of_record
SF:lib/UserInterface/animate.dart
DA:5,0
DA:6,0
DA:7,0
DA:9,0
DA:10,0
DA:11,0
DA:12,0
DA:15,0
DA:16,0
DA:17,0
DA:18,0
DA:19,0
DA:25,0
DA:28,0
DA:29,0
DA:31,0
DA:34,0
DA:35,0
DA:37,0
DA:40,0
DA:41,0
DA:43,0
DA:46,0
DA:47,0
DA:53,0
DA:55,0
DA:57,0
DA:59,0
DA:63,0
LF:29
LH:0
end_of_record
SF:lib/UserInterface/text_styles.dart
DA:3,0
LF:1
LH:0
end_of_record
SF:lib/UserInterface/ui.dart
DA:28,0
DA:31,0
DA:38,0
DA:45,0
DA:48,0
DA:51,0
DA:58,0
DA:65,0
DA:68,0
DA:71,0
DA:78,0
DA:85,0
DA:87,0
DA:88,0
DA:93,0
DA:95,0
DA:96,0
DA:97,0
DA:100,0
DA:102,0
DA:103,0
DA:104,0
DA:107,0
DA:108,0
DA:109,0
DA:112,0
DA:113,0
DA:114,0
DA:117,0
DA:118,0
DA:119,0
DA:126,0
DA:127,0
DA:128,0
DA:132,0
DA:134,0
DA:135,0
DA:136,0
DA:137,0
DA:139,0
DA:141,0
DA:143,0
DA:145,0
DA:147,0
DA:148,0
DA:149,0
DA:151,0
DA:152,0
DA:153,0
DA:158,0
DA:160,0
DA:162,0
DA:164,0
DA:165,0
DA:166,0
DA:170,0
DA:173,0
DA:174,0
DA:176,0
DA:177,0
DA:179,0
DA:180,0
DA:183,0
DA:188,0
DA:190,0
LF:65
LH:0
end_of_record
SF:lib/UserInterface/icons.dart
DA:11,0
DA:13,0
DA:14,0
DA:20,0
DA:23,0
DA:25,0
DA:28,0
DA:30,0
DA:33,0
DA:35,0
DA:37,0
DA:43,0
DA:46,0
DA:48,0
DA:51,0
DA:53,0
DA:56,0
DA:58,0
DA:61,0
DA:65,0
DA:69,0
DA:73,0
DA:77,0
DA:81,0
DA:92,0
DA:97,0
DA:100,0
DA:102,0
DA:103,0
DA:104,0
DA:106,0
DA:108,0
DA:109,0
DA:110,0
DA:114,0
DA:115,0
DA:116,0
DA:123,0
DA:126,0
DA:129,0
DA:132,0
DA:133,0
DA:134,0
DA:136,0
DA:137,0
DA:141,0
DA:144,0
DA:145,0
DA:146,0
DA:150,0
DA:152,0
DA:153,0
DA:154,0
LF:53
LH:0
end_of_record
SF:lib/objects/logger.dart
DA:15,6
DA:23,1
DA:24,2
DA:25,3
LF:4
LH:4
end_of_record
SF:lib/firebase_options.dart
DA:44,0
DA:48,0
DA:49,0
DA:51,0
DA:53,0
DA:55,0
DA:57,0
DA:58,0
DA:63,0
LF:9
LH:0
end_of_record
SF:lib/objects/alarm_notification.dart
DA:19,0
DA:20,0
DA:23,0
DA:24,0
DA:25,0
DA:27,0
DA:32,0
DA:33,0
DA:35,0
DA:36,0
DA:37,0
DA:38,0
DA:39,0
DA:40,0
DA:41,0
DA:42,0
DA:47,0
DA:48,0
DA:49,0
DA:54,0
DA:55,0
DA:61,0
DA:63,0
DA:64,0
DA:71,0
DA:72,0
DA:73,0
DA:74,0
DA:75,0
DA:76,0
DA:80,0
DA:81,0
DA:82,0
DA:89,0
DA:90,0
DA:93,0
DA:94,0
DA:95,0
DA:96,0
DA:101,0
DA:102,0
DA:104,0
DA:105,0
DA:113,0
DA:114,0
DA:116,0
LF:46
LH:0
end_of_record
SF:lib/components/alarm_message.dart
DA:17,0
DA:19,0
DA:20,0
DA:21,0
DA:22,0
DA:23,0
DA:25,0
DA:26,0
DA:27,0
DA:28,0
DA:29,0
DA:33,0
DA:34,0
DA:35,0
DA:36,0
DA:37,0
DA:38,0
DA:41,0
DA:42,0
DA:43,0
DA:45,0
DA:46,0
DA:47,0
DA:51,0
DA:56,0
DA:57,0
DA:59,0
DA:60,0
DA:62,0
DA:63,0
DA:65,0
DA:66,0
DA:68,0
DA:69,0
DA:71,0
DA:72,0
DA:75,0
DA:76,0
DA:77,0
DA:78,0
DA:80,0
DA:83,0
DA:85,0
DA:86,0
DA:87,0
DA:90,0
DA:91,0
DA:98,0
DA:104,0
DA:106,0
DA:107,0
DA:108,0
DA:109,0
DA:110,0
DA:111,0
DA:112,0
DA:122,0
DA:123,0
DA:124,0
DA:125,0
DA:127,0
DA:129,0
DA:130,0
LF:63
LH:0
end_of_record
SF:lib/shared/types.dart
DA:46,0
DA:47,0
DA:48,0
DA:49,0
DA:50,0
DA:51,0
LF:6
LH:0
end_of_record
SF:lib/providers/inline.dart
DA:13,0
DA:16,0
DA:19,0
DA:21,0
DA:24,0
DA:25,0
DA:30,0
DA:31,0
DA:33,0
DA:54,0
DA:55,0
DA:56,0
DA:58,0
DA:59,0
DA:77,0
DA:78,0
DA:80,0
DA:81,0
DA:85,0
DA:86,0
DA:87,0
DA:91,0
LF:22
LH:0
end_of_record
SF:lib/components/system_elements/system_element.dart
DA:15,0
DA:16,0
DA:17,0
DA:21,0
DA:22,0
DA:23,0
DA:24,0
DA:25,0
DA:26,0
DA:28,0
DA:29,0
DA:32,0
DA:33,0
LF:13
LH:0
end_of_record
SF:lib/components/bottom_nav_bar.dart
DA:29,0
DA:55,0
DA:57,0
DA:58,0
DA:59,0
DA:60,0
DA:61,0
DA:63,0
DA:64,0
DA:65,0
DA:66,0
DA:68,0
LF:12
LH:0
end_of_record
SF:lib/components/buttons/abort_button.dart
DA:6,0
DA:7,0
DA:8,0
DA:9,0
DA:10,0
DA:11,0
DA:12,0
DA:13,0
LF:8
LH:0
end_of_record
SF:lib/components/buttons/confirm_button.dart
DA:14,0
DA:24,0
DA:25,0
DA:32,0
DA:34,0
DA:35,0
DA:36,0
DA:37,0
DA:40,0
DA:42,0
DA:43,0
DA:44,0
DA:45,0
DA:48,0
DA:50,0
DA:51,0
DA:55,0
DA:57,0
DA:58,0
DA:62,0
DA:63,0
DA:64,0
DA:70,0
LF:23
LH:0
end_of_record
SF:lib/components/buttons/back_button.dart
DA:4,0
DA:6,0
DA:9,0
DA:12,0
DA:14,0
DA:15,0
LF:6
LH:0
end_of_record
SF:lib/components/notice_dialog.dart
DA:14,0
DA:39,0
DA:40,0
DA:41,0
DA:43,0
DA:45,0
DA:47,0
DA:53,0
DA:54,0
DA:55,0
DA:57,0
DA:59,0
DA:61,0
DA:66,0
DA:68,0
DA:69,0
DA:70,0
DA:71,0
DA:74,0
DA:75,0
DA:76,0
DA:77,0
DA:78,0
DA:79,0
DA:80,0
DA:82,0
DA:83,0
DA:94,0
DA:95,0
DA:97,0
DA:98,0
LF:31
LH:0
end_of_record
SF:lib/components/confirm_dialog.dart
DA:6,0
DA:38,0
DA:40,0
DA:41,0
DA:48,0
DA:49,0
DA:50,0
DA:51,0
DA:52,0
DA:53,0
DA:54,0
DA:56,0
DA:58,0
DA:59,0
DA:60,0
DA:61,0
DA:63,0
DA:64,0
DA:65,0
DA:67,0
DA:78,0
DA:80,0
DA:82,0
DA:83,0
DA:84,0
DA:86,0
DA:87,0
DA:88,0
DA:91,0
DA:93,0
DA:94,0
DA:101,0
DA:103,0
LF:33
LH:0
end_of_record
SF:lib/components/buttons/end_button.dart
DA:6,0
DA:7,0
DA:8,0
DA:9,0
DA:10,0
DA:11,0
DA:12,0
DA:13,0
LF:8
LH:0
end_of_record
SF:lib/components/buttons/load_button.dart
DA:7,0
DA:8,0
DA:10,0
DA:13,0
DA:15,0
LF:5
LH:0
end_of_record
SF:lib/pages/load_page.dart
DA:12,12
DA:13,0
DA:14,0
DA:19,0
DA:23,0
DA:24,0
DA:25,0
DA:26,0
DA:27,0
DA:28,0
DA:29,0
DA:30,0
DA:31,0
DA:32,0
DA:34,0
DA:36,0
DA:37,0
DA:38,0
DA:39,0
DA:40,0
DA:41,0
DA:46,0
DA:47,0
DA:48,0
DA:51,0
DA:53,0
DA:54,0
DA:58,0
DA:61,0
LF:29
LH:1
end_of_record
SF:lib/components/buttons/page_button.dart
DA:13,0
DA:23,0
DA:24,0
DA:31,0
DA:33,0
DA:34,0
DA:35,0
DA:36,0
DA:39,0
DA:41,0
DA:42,0
DA:43,0
DA:44,0
DA:46,0
DA:48,0
DA:49,0
DA:52,0
DA:54,0
DA:55,0
DA:59,0
DA:60,0
DA:61,0
DA:63,0
DA:64,0
LF:24
LH:0
end_of_record
SF:lib/components/buttons/reset_button.dart
DA:5,0
DA:6,0
DA:9,0
DA:12,0
DA:13,0
DA:14,0
LF:6
LH:0
end_of_record
SF:lib/components/buttons/resume_button.dart
DA:11,12
DA:12,0
DA:14,0
DA:15,0
DA:16,0
DA:17,0
DA:18,0
DA:19,0
DA:20,0
DA:21,0
DA:22,0
DA:25,0
DA:33,0
LF:13
LH:1
end_of_record
SF:lib/components/buttons/save_button.dart
DA:6,0
DA:7,0
DA:9,0
DA:12,0
DA:14,0
LF:5
LH:0
end_of_record
SF:lib/pages/save_page.dart
DA:11,12
DA:12,0
DA:13,0
DA:18,0
DA:20,0
DA:21,0
DA:22,0
DA:23,0
DA:24,0
DA:25,0
DA:26,0
DA:27,0
DA:28,0
DA:29,0
DA:30,0
DA:32,0
DA:34,0
DA:35,0
DA:36,0
DA:37,0
DA:38,0
DA:39,0
DA:44,0
DA:45,0
DA:46,0
DA:49,0
DA:51,0
DA:52,0
DA:56,0
DA:59,0
LF:30
LH:1
end_of_record
SF:lib/components/display_system.dart
DA:10,0
DA:12,0
DA:14,0
DA:16,0
DA:17,0
DA:19,0
LF:6
LH:0
end_of_record
SF:lib/shared/shared_widgets.dart
DA:9,0
DA:16,0
DA:18,0
DA:19,0
DA:21,0
DA:31,0
DA:38,0
DA:40,0
DA:41,0
DA:43,0
DA:52,0
DA:54,0
DA:56,0
DA:57,0
DA:73,0
DA:75,0
DA:77,0
DA:78,0
DA:79,0
DA:84,0
DA:89,0
DA:91,0
DA:93,0
DA:94,0
LF:24
LH:0
end_of_record
SF:lib/components/dropdown_menu.dart
DA:9,0
DA:10,0
DA:11,0
DA:12,0
DA:14,0
DA:16,0
DA:21,0
DA:22,0
DA:23,0
DA:24,0
DA:27,0
DA:28,0
DA:29,0
DA:30,0
DA:38,0
DA:40,0
DA:43,0
DA:52,0
DA:53,0
DA:58,0
LF:20
LH:0
end_of_record
SF:lib/data_models/data.dart
DA:45,1
DA:46,0
DA:47,0
DA:49,0
DA:50,0
DA:58,0
DA:59,0
DA:60,0
DA:62,0
DA:63,0
DA:65,0
DA:73,0
DA:74,0
DA:75,0
DA:76,0
DA:86,0
DA:87,0
DA:88,0
DA:89,0
DA:90,0
DA:91,0
DA:92,0
DA:93,0
DA:94,0
DA:99,0
DA:100,0
DA:101,0
DA:102,0
DA:103,0
DA:104,0
DA:107,0
DA:108,0
DA:109,0
DA:110,0
DA:111,0
DA:112,0
DA:115,0
DA:124,0
DA:125,0
DA:134,0
DA:135,0
DA:146,0
DA:147,0
DA:148,0
DA:149,0
DA:154,0
DA:155,0
DA:156,0
DA:157,0
DA:163,0
DA:164,0
LF:51
LH:1
end_of_record
SF:lib/components/icons/arrows.dart
DA:13,0
DA:14,0
DA:18,0
DA:19,0
DA:25,0
DA:27,0
DA:31,0
DA:32,0
DA:33,0
DA:35,0
DA:39,0
DA:40,0
DA:41,0
DA:43,0
DA:50,0
DA:52,0
DA:56,0
DA:57,0
DA:58,0
DA:60,0
DA:65,0
DA:66,0
DA:67,0
DA:68,0
DA:70,0
DA:77,0
DA:79,0
DA:83,0
DA:84,0
DA:85,0
DA:86,0
DA:88,0
DA:93,0
DA:94,0
DA:95,0
DA:97,0
DA:105,0
DA:119,0
DA:120,0
DA:130,0
DA:132,0
DA:134,0
DA:135,0
DA:136,0
DA:137,0
DA:140,0
DA:142,0
DA:143,0
DA:146,0
DA:147,0
DA:148,0
DA:149,0
DA:150,0
DA:151,0
DA:152,0
DA:153,0
DA:154,0
DA:155,0
DA:156,0
DA:164,0
DA:166,0
DA:167,0
DA:168,0
DA:169,0
DA:170,0
DA:171,0
DA:172,0
DA:173,0
DA:178,0
DA:179,0
DA:180,0
DA:183,0
DA:184,0
DA:185,0
DA:186,0
DA:189,0
DA:190,0
DA:191,0
DA:192,0
DA:193,0
DA:195,0
DA:204,0
DA:205,0
DA:207,0
DA:209,0
DA:210,0
DA:212,0
DA:214,0
DA:215,0
DA:217,0
DA:218,0
DA:220,0
DA:221,0
LF:93
LH:0
end_of_record
SF:lib/components/icons/warn_icon.dart
DA:9,0
DA:11,0
DA:14,0
DA:21,0
DA:22,0
DA:23,0
DA:25,0
DA:26,0
DA:27,0
DA:29,0
DA:30,0
DA:45,12
DA:55,0
DA:66,0
DA:68,0
DA:69,0
DA:71,0
DA:74,0
DA:75,0
DA:76,0
DA:78,0
DA:79,0
DA:83,0
DA:88,0
DA:90,0
DA:93,0
DA:103,24
DA:104,0
DA:106,0
DA:107,0
DA:108,0
DA:109,0
DA:110,0
DA:111,0
DA:113,0
DA:115,0
DA:130,24
DA:132,0
DA:134,0
DA:135,0
DA:136,0
DA:137,0
DA:138,0
DA:139,0
DA:141,0
DA:143,0
DA:158,24
DA:160,0
DA:161,0
DA:164,0
DA:165,0
DA:168,0
DA:170,0
DA:171,0
DA:172,0
DA:173,0
DA:174,0
DA:175,0
DA:176,0
DA:179,0
DA:181,0
DA:182,0
DA:186,0
DA:187,0
DA:196,0
DA:197,0
DA:198,0
DA:199,0
DA:200,0
LF:69
LH:4
end_of_record
SF:lib/components/invalid_input.dart
DA:4,0
DA:5,0
DA:7,0
DA:8,0
DA:13,0
DA:15,0
DA:16,0
DA:20,0
DA:22,0
LF:9
LH:0
end_of_record
SF:lib/components/list_config.dart
DA:8,0
DA:11,0
DA:12,0
DA:16,0
DA:17,0
DA:23,12
DA:25,0
DA:27,0
DA:28,0
DA:29,0
DA:30,0
DA:31,0
DA:35,0
DA:44,12
DA:46,0
DA:48,0
DA:49,0
DA:50,0
DA:51,0
DA:52,0
DA:56,0
DA:65,12
DA:67,0
DA:69,0
DA:70,0
DA:71,0
DA:72,0
DA:73,0
DA:77,0
DA:86,12
DA:88,0
DA:90,0
DA:94,0
DA:95,0
DA:96,0
DA:98,0
DA:99,0
DA:100,0
DA:104,0
DA:106,0
DA:114,24
DA:116,0
DA:118,0
DA:119,0
DA:120,0
DA:121,0
DA:122,0
DA:126,0
DA:134,24
DA:136,0
DA:138,0
DA:139,0
DA:140,0
DA:141,0
DA:142,0
DA:146,0
LF:56
LH:6
end_of_record
SF:lib/components/system_value_input_new.dart
DA:16,0
DA:26,0
DA:27,0
DA:32,0
DA:33,0
DA:34,0
DA:35,0
DA:38,0
DA:39,0
DA:44,0
DA:46,0
DA:47,0
DA:48,0
DA:49,0
DA:50,0
DA:51,0
DA:52,0
DA:55,0
DA:60,0
DA:62,0
DA:65,0
DA:67,0
DA:71,0
DA:72,0
DA:77,0
DA:78,0
DA:79,0
DA:80,0
DA:83,0
LF:29
LH:0
end_of_record
SF:lib/components/load_slot_card.dart
DA:4,0
LF:1
LH:0
end_of_record
SF:lib/components/slot_card.dart
DA:11,0
DA:12,0
DA:16,0
DA:17,0
DA:18,0
DA:19,0
DA:20,0
DA:21,0
DA:23,0
DA:25,0
DA:28,0
DA:29,0
DA:31,0
DA:32,0
DA:33,0
DA:34,0
DA:37,0
DA:38,0
DA:39,0
DA:43,0
DA:44,0
DA:46,0
DA:48,0
DA:50,0
DA:52,0
DA:54,0
DA:56,0
DA:58,0
DA:60,0
DA:62,0
DA:75,0
DA:76,0
LF:32
LH:0
end_of_record
SF:lib/components/pump_control_config.dart
DA:10,12
DA:12,0
DA:14,0
DA:15,0
DA:16,0
DA:18,0
DA:19,0
DA:24,0
DA:25,0
DA:27,0
DA:28,0
DA:29,0
LF:12
LH:1
end_of_record
SF:lib/controllers/toggle_controllers.dart
DA:3,0
DA:4,0
DA:5,0
DA:21,0
DA:22,0
DA:23,0
DA:24,0
DA:25,0
DA:26,0
DA:27,0
DA:28,0
DA:29,0
DA:30,0
DA:33,0
DA:34,0
DA:35,0
DA:36,0
DA:37,0
DA:38,0
DA:39,0
DA:42,0
DA:43,0
DA:44,0
DA:45,0
DA:46,0
DA:47,0
DA:48,0
DA:49,0
DA:52,0
DA:53,0
DA:54,0
DA:55,0
DA:56,0
DA:59,0
DA:60,0
DA:63,0
DA:64,0
DA:67,0
DA:68,0
DA:71,0
DA:72,0
DA:75,0
DA:76,0
DA:79,0
DA:80,0
DA:83,0
DA:84,0
LF:47
LH:0
end_of_record
SF:lib/components/run_stats.dart
DA:9,0
DA:10,0
DA:11,0
DA:16,0
DA:17,0
DA:21,0
DA:23,0
DA:31,0
DA:36,0
DA:38,0
DA:39,0
DA:46,0
DA:48,0
DA:49,0
DA:55,12
DA:57,0
DA:59,0
DA:60,0
DA:61,0
DA:62,0
DA:63,0
DA:64,0
DA:65,0
DA:66,0
DA:67,0
DA:69,0
DA:71,0
DA:78,12
DA:80,0
DA:82,0
DA:83,0
DA:84,0
DA:85,0
DA:86,0
DA:87,0
DA:88,0
DA:89,0
DA:90,0
DA:91,0
DA:92,0
DA:93,0
DA:94,0
DA:95,0
DA:96,0
DA:97,0
DA:98,0
DA:99,0
DA:100,0
DA:101,0
DA:102,0
DA:108,0
DA:112,0
LF:52
LH:2
end_of_record
SF:lib/shared/time.dart
DA:2,0
DA:3,0
DA:4,0
DA:5,0
DA:6,0
LF:5
LH:0
end_of_record
SF:lib/handlers/alarm_logs.dart
DA:39,0
DA:42,0
DA:50,0
DA:57,0
DA:58,0
DA:59,0
DA:61,0
DA:62,0
DA:63,0
DA:64,0
DA:69,0
DA:70,0
DA:73,0
DA:74,0
DA:77,0
DA:78,0
DA:79,0
DA:80,0
DA:90,0
DA:92,0
DA:93,0
DA:94,0
DA:97,0
DA:98,0
DA:99,0
DA:100,0
DA:102,0
DA:103,0
DA:106,0
DA:108,0
DA:109,0
DA:110,0
DA:111,0
DA:113,0
DA:114,0
DA:118,0
DA:119,0
DA:120,0
DA:121,0
DA:122,0
DA:128,0
DA:129,0
DA:133,0
DA:134,0
DA:135,0
DA:136,0
DA:137,0
DA:140,0
LF:48
LH:0
end_of_record
SF:lib/components/save_slot_card.dart
DA:4,0
LF:1
LH:0
end_of_record
SF:lib/components/sensor_display/flow_display.dart
DA:7,12
DA:8,0
DA:9,0
DA:10,0
DA:11,0
DA:12,0
LF:6
LH:1
end_of_record
SF:lib/shared/methods.dart
DA:32,1
DA:33,2
DA:44,2
DA:45,4
DA:60,8
DA:63,0
DA:64,0
DA:66,0
DA:67,0
DA:69,0
DA:70,0
DA:72,0
DA:80,0
DA:81,0
DA:84,0
DA:85,0
DA:86,0
DA:89,3
DA:90,3
DA:91,6
DA:93,1
DA:97,0
DA:98,0
DA:104,1
DA:105,1
DA:107,1
DA:108,2
DA:109,5
DA:110,1
DA:114,0
DA:115,0
DA:120,0
DA:123,0
DA:125,0
DA:128,0
DA:130,0
DA:133,0
DA:134,0
DA:135,0
LF:39
LH:15
end_of_record
SF:lib/components/sensor_display/sensor_display.dart
DA:11,36
DA:19,0
DA:21,0
DA:22,0
DA:23,0
DA:24,0
DA:25,0
DA:26,0
DA:28,0
DA:33,0
DA:34,0
DA:36,0
DA:38,0
DA:40,0
DA:41,0
DA:42,0
DA:43,0
DA:45,0
DA:47,0
DA:49,0
DA:51,0
DA:55,0
DA:66,0
DA:67,0
DA:68,0
DA:69,0
DA:70,0
DA:71,0
DA:73,0
DA:82,0
DA:89,0
DA:91,0
DA:92,0
LF:33
LH:1
end_of_record
SF:lib/components/sensor_display/pressure_display.dart
DA:8,12
DA:9,0
DA:10,0
DA:11,0
DA:12,0
DA:13,0
LF:6
LH:1
end_of_record
SF:lib/components/sensor_display/temp_display.dart
DA:8,12
DA:9,0
DA:10,0
DA:11,0
DA:12,0
DA:13,0
LF:6
LH:1
end_of_record
SF:lib/components/set_time_config.dart
DA:8,24
DA:9,0
DA:11,0
DA:12,0
DA:13,0
DA:14,0
DA:16,0
DA:20,0
DA:21,0
DA:22,0
LF:10
LH:1
end_of_record
SF:lib/components/time_input.dart
DA:10,0
DA:12,0
DA:15,0
DA:16,0
DA:17,0
DA:18,0
DA:19,0
DA:20,0
DA:21,0
DA:22,0
DA:25,0
DA:26,0
DA:31,0
DA:41,0
DA:42,0
DA:43,0
DA:44,0
DA:47,0
DA:48,0
DA:55,0
DA:57,0
DA:58,0
DA:61,0
DA:62,0
DA:63,0
DA:64,0
DA:65,0
LF:27
LH:0
end_of_record
SF:lib/components/side_menu.dart
DA:40,0
DA:50,0
DA:52,0
DA:53,0
DA:55,0
DA:56,0
DA:74,0
DA:80,0
DA:81,0
DA:82,0
DA:83,0
DA:84,0
DA:98,144
DA:100,0
DA:101,0
DA:108,0
DA:109,0
DA:112,0
DA:114,0
DA:115,0
DA:116,0
DA:117,0
DA:119,0
DA:120,0
DA:123,0
DA:126,0
DA:128,0
DA:129,0
DA:130,0
DA:132,0
DA:136,0
DA:138,0
DA:139,0
DA:140,0
DA:141,0
DA:142,0
DA:143,0
DA:145,0
DA:146,0
DA:148,0
DA:149,0
DA:150,0
DA:152,0
DA:153,0
DA:154,0
DA:157,0
DA:158,0
DA:159,0
DA:162,0
DA:168,0
DA:169,0
DA:175,0
DA:178,0
DA:180,0
DA:182,0
DA:183,0
DA:184,0
DA:185,0
DA:192,0
DA:194,0
DA:196,0
DA:198,0
DA:200,0
DA:209,0
DA:211,0
DA:214,0
DA:215,0
DA:226,0
DA:227,0
DA:228,0
DA:231,0
DA:263,12
DA:267,0
DA:269,0
DA:271,0
DA:272,0
DA:280,0
DA:283,0
DA:292,0
DA:301,0
DA:304,0
LF:81
LH:2
end_of_record
SF:lib/components/sign_out_button.dart
DA:5,0
DA:6,0
DA:8,0
DA:9,0
DA:10,0
DA:11,0
DA:15,0
DA:17,0
DA:18,0
DA:23,0
DA:26,0
DA:30,0
DA:32,0
DA:38,0
DA:40,0
DA:45,0
DA:46,0
LF:17
LH:0
end_of_record
SF:lib/pages/register_device.dart
DA:17,12
DA:19,0
DA:20,0
DA:27,0
DA:30,0
DA:33,0
DA:38,0
DA:39,0
DA:40,0
DA:41,0
DA:42,0
DA:45,0
DA:48,0
DA:50,0
DA:51,0
DA:52,0
DA:53,0
DA:54,0
DA:55,0
DA:56,0
DA:57,0
DA:60,0
DA:61,0
DA:63,0
DA:67,0
DA:69,0
DA:71,0
DA:72,0
DA:73,0
DA:75,0
DA:77,0
DA:78,0
DA:79,0
DA:82,0
DA:83,0
DA:84,0
DA:85,0
DA:86,0
DA:88,0
DA:90,0
DA:93,0
DA:94,0
DA:96,0
DA:98,0
DA:102,0
DA:103,0
DA:104,0
DA:112,0
DA:113,0
DA:115,0
DA:116,0
DA:120,0
DA:121,0
DA:131,0
DA:132,0
DA:136,0
DA:137,0
DA:139,0
DA:140,0
DA:144,0
DA:145,0
DA:155,0
DA:156,0
DA:157,0
DA:158,0
DA:159,0
DA:160,0
DA:163,0
DA:164,0
DA:177,0
DA:180,0
LF:71
LH:1
end_of_record
SF:lib/pages/settings_page.dart
DA:36,12
DA:42,0
DA:43,0
DA:63,0
DA:67,0
DA:69,0
DA:72,0
DA:73,0
DA:74,0
DA:75,0
DA:76,0
DA:80,0
DA:81,0
DA:82,0
DA:83,0
DA:84,0
DA:85,0
DA:87,0
DA:88,0
DA:91,0
DA:92,0
DA:93,0
DA:94,0
DA:95,0
DA:96,0
DA:97,0
DA:100,0
DA:101,0
DA:102,0
DA:105,0
DA:107,0
DA:108,0
DA:109,0
DA:110,0
DA:113,0
DA:117,0
DA:118,0
DA:127,0
DA:128,0
DA:129,0
DA:130,0
DA:133,0
DA:137,0
DA:138,0
DA:143,0
DA:144,0
DA:145,0
DA:148,0
DA:157,0
DA:160,0
LF:50
LH:1
end_of_record
SF:lib/dialogs/terms_and_conditions.dart
DA:38,24
DA:44,0
DA:45,0
DA:63,0
DA:65,0
DA:66,0
DA:67,0
DA:68,0
DA:69,0
DA:72,0
DA:75,0
DA:76,0
DA:78,0
DA:84,0
DA:86,0
DA:87,0
DA:88,0
DA:89,0
DA:91,0
DA:96,0
DA:99,0
DA:100,0
DA:101,0
DA:102,0
DA:103,0
DA:104,0
DA:108,0
DA:109,0
DA:110,0
DA:127,0
DA:128,0
DA:129,0
DA:130,0
DA:131,0
DA:132,0
DA:146,0
DA:147,0
DA:148,0
DA:149,0
DA:150,0
DA:151,0
DA:154,0
DA:155,0
DA:156,0
DA:157,0
DA:158,0
DA:159,0
DA:160,0
DA:161,0
DA:167,0
DA:169,0
DA:170,0
DA:174,0
DA:175,0
DA:176,0
DA:177,0
DA:178,0
DA:179,0
DA:180,0
DA:181,0
DA:182,0
DA:186,0
DA:194,0
DA:195,0
DA:198,0
DA:200,0
DA:205,0
DA:206,0
DA:208,0
DA:209,0
DA:223,0
LF:71
LH:1
end_of_record
SF:lib/dialogs/privacy_policy.dart
DA:14,12
DA:16,0
DA:17,0
DA:28,0
DA:30,0
DA:31,0
DA:32,0
DA:33,0
DA:34,0
DA:38,0
DA:40,0
DA:41,0
DA:43,0
DA:48,0
DA:50,0
DA:51,0
DA:52,0
DA:53,0
DA:54,0
DA:61,0
DA:62,0
DA:63,0
DA:64,0
DA:65,0
DA:66,0
DA:67,0
DA:71,0
DA:72,0
DA:73,0
DA:106,0
DA:107,0
DA:108,0
DA:109,0
DA:110,0
DA:111,0
DA:112,0
DA:115,0
LF:37
LH:1
end_of_record
SF:lib/pages/home/home_page.dart
DA:30,48
DA:36,0
DA:37,0
DA:58,0
DA:60,0
DA:61,0
DA:62,0
DA:66,0
DA:70,0
DA:71,0
DA:72,0
DA:73,0
DA:74,0
DA:76,0
DA:82,0
DA:83,0
DA:84,0
DA:87,0
DA:94,0
LF:19
LH:1
end_of_record
SF:lib/components/square_tile.dart
DA:7,24
DA:9,0
DA:11,0
DA:12,0
DA:13,0
DA:14,0
DA:18,0
LF:7
LH:1
end_of_record
SF:lib/components/sys_config.dart
DA:7,0
DA:8,0
DA:9,0
DA:10,0
DA:17,0
DA:20,0
DA:21,0
DA:22,0
DA:23,0
DA:24,0
DA:25,0
DA:27,0
DA:28,0
DA:29,0
DA:32,0
DA:33,0
DA:37,0
DA:38,0
DA:39,0
DA:40,0
DA:41,0
DA:45,0
DA:46,0
DA:47,0
DA:48,0
DA:49,0
DA:50,0
DA:51,0
DA:52,0
DA:53,0
DA:54,0
DA:55,0
DA:56,0
DA:57,0
DA:58,0
DA:59,0
DA:60,0
DA:61,0
DA:62,0
DA:63,0
DA:64,0
DA:65,0
DA:66,0
DA:67,0
DA:68,0
DA:69,0
DA:72,0
LF:47
LH:0
end_of_record
SF:lib/components/system_app_bar.dart
DA:25,0
DA:26,0
DA:27,0
DA:29,0
DA:39,0
DA:40,0
DA:41,0
DA:42,0
DA:45,0
DA:46,0
DA:48,0
DA:54,0
DA:55,0
DA:56,0
DA:58,0
DA:61,0
DA:62,0
DA:63,0
DA:64,0
DA:65,0
DA:67,0
DA:68,0
LF:22
LH:0
end_of_record
SF:lib/pages/log_page.dart
DA:17,24
DA:18,0
DA:19,0
DA:26,0
DA:28,0
DA:29,0
DA:30,0
DA:31,0
DA:34,0
DA:36,0
DA:37,0
DA:38,0
DA:39,0
DA:40,0
DA:41,0
DA:42,0
DA:43,0
DA:44,0
DA:45,0
DA:47,0
DA:50,0
DA:54,0
DA:56,0
DA:58,0
DA:60,0
DA:62,0
DA:66,0
DA:67,0
DA:68,0
DA:69,0
DA:71,0
DA:73,0
DA:75,0
DA:78,0
DA:79,0
DA:80,0
DA:81,0
DA:82,0
DA:85,0
DA:86,0
DA:150,0
DA:151,0
DA:152,0
DA:155,0
DA:158,0
DA:160,0
DA:163,0
DA:165,0
DA:169,0
DA:171,0
DA:172,0
DA:177,0
DA:178,0
DA:180,0
DA:193,0
DA:194,0
DA:198,0
LF:57
LH:1
end_of_record
SF:lib/components/title_text.dart
DA:23,0
DA:24,0
DA:27,0
DA:44,0
DA:45,0
DA:48,0
DA:56,0
DA:60,0
DA:67,0
DA:69,0
DA:70,0
DA:74,0
DA:77,0
DA:78,0
DA:79,0
LF:15
LH:0
end_of_record
SF:lib/components/system_display/pump_display.dart
DA:10,12
DA:11,0
DA:12,0
DA:13,0
LF:4
LH:1
end_of_record
SF:lib/components/system_display/system_display.dart
DA:8,12
DA:14,0
DA:16,0
DA:17,0
DA:18,0
DA:19,0
DA:20,0
DA:21,0
DA:22,0
DA:31,0
DA:37,0
DA:39,0
DA:42,0
DA:43,0
DA:44,0
DA:45,0
DA:52,0
DA:61,0
DA:63,0
DA:64,0
DA:65,0
DA:66,0
DA:67,0
DA:68,0
DA:69,0
DA:71,0
DA:72,0
DA:73,0
DA:75,0
DA:77,0
DA:78,0
DA:82,0
DA:84,0
DA:85,0
DA:86,0
DA:88,0
DA:90,0
DA:95,0
DA:97,0
DA:98,0
DA:99,0
DA:101,0
DA:103,0
DA:104,0
DA:105,0
DA:109,0
DA:110,0
DA:111,0
DA:112,0
DA:114,0
DA:116,0
DA:117,0
DA:123,0
DA:124,0
DA:125,0
LF:55
LH:1
end_of_record
SF:lib/components/system_elements/pump_element.dart
DA:12,0
LF:1
LH:0
end_of_record
SF:lib/components/system_display/sonicator_display.dart
DA:12,12
DA:14,0
DA:15,0
DA:16,0
LF:4
LH:1
end_of_record
SF:lib/components/system_elements/sonicator_element.dart
DA:11,0
LF:1
LH:0
end_of_record
SF:lib/components/system_display/tank_display.dart
DA:10,12
DA:11,0
DA:12,0
DA:13,0
LF:4
LH:1
end_of_record
SF:lib/components/system_elements/tank_element.dart
DA:12,0
LF:1
LH:0
end_of_record
SF:lib/components/system_images/pump_image.dart
DA:8,12
DA:10,0
DA:11,0
LF:3
LH:1
end_of_record
SF:lib/components/system_images/system_image.dart
DA:14,36
DA:22,0
DA:25,0
DA:29,0
DA:30,0
DA:31,0
DA:34,0
DA:35,0
DA:38,0
DA:40,0
DA:41,0
DA:42,0
DA:43,0
DA:45,0
DA:51,0
DA:52,0
DA:53,0
DA:55,0
DA:57,0
DA:58,0
DA:60,0
DA:61,0
DA:64,0
DA:65,0
DA:66,0
DA:69,0
DA:70,0
DA:73,0
DA:76,0
DA:78,0
DA:85,0
DA:86,0
DA:87,0
DA:90,0
DA:91,0
DA:96,0
DA:97,0
DA:100,0
DA:101,0
DA:102,0
DA:107,0
DA:108,0
DA:115,0
DA:116,0
DA:117,0
DA:118,0
LF:46
LH:1
end_of_record
SF:lib/components/system_images/sonicator_image.dart
DA:6,12
DA:8,0
DA:9,0
LF:3
LH:1
end_of_record
SF:lib/components/system_images/tank_image.dart
DA:5,12
DA:7,0
DA:8,0
LF:3
LH:1
end_of_record
SF:lib/components/system_input_warning.dart
DA:5,12
DA:6,0
DA:7,0
DA:9,0
DA:10,0
DA:16,0
DA:17,0
DA:19,0
DA:23,0
DA:25,0
LF:10
LH:1
end_of_record
SF:lib/controllers/text_controllers.dart
DA:26,2
DA:29,2
DA:32,3
DA:72,0
DA:73,0
DA:74,0
DA:76,0
DA:77,0
DA:78,0
DA:79,0
DA:80,0
DA:81,0
DA:82,0
DA:85,0
DA:86,0
DA:87,0
DA:89,0
DA:90,0
DA:91,0
DA:92,0
DA:93,0
DA:94,0
DA:95,0
DA:98,0
DA:99,0
DA:100,0
DA:102,0
DA:103,0
DA:105,0
DA:106,0
DA:107,0
DA:108,0
DA:109,0
DA:110,0
DA:113,0
DA:114,0
DA:115,0
DA:116,0
DA:117,0
DA:120,0
DA:121,0
DA:123,0
DA:124,0
DA:126,0
DA:127,0
DA:129,0
DA:130,0
DA:133,0
DA:134,0
DA:135,0
DA:136,0
DA:140,0
DA:141,0
DA:144,0
DA:145,0
DA:148,0
DA:149,0
DA:152,0
DA:153,0
DA:156,0
DA:157,0
LF:61
LH:3
end_of_record
SF:lib/main.dart
DA:31,0
DA:34,0
DA:44,0
DA:45,0
DA:50,0
DA:53,0
DA:55,0
DA:58,0
DA:60,0
DA:64,0
DA:65,0
DA:66,0
DA:67,0
DA:68,0
DA:69,0
DA:70,0
DA:73,0
DA:74,0
DA:75,0
DA:78,0
DA:79,0
DA:80,0
DA:83,0
DA:85,0
DA:86,0
DA:106,12
DA:116,0
DA:118,0
DA:120,0
DA:122,0
DA:123,0
DA:127,0
DA:128,0
DA:129,0
DA:130,0
DA:131,0
DA:132,0
DA:133,0
DA:134,0
DA:135,0
DA:136,0
DA:137,0
DA:139,0
DA:141,0
DA:142,0
DA:143,0
DA:144,0
DA:145,0
DA:146,0
DA:170,0
DA:180,0
DA:182,0
DA:183,0
LF:53
LH:1
end_of_record
SF:lib/shared/banners.dart
DA:17,0
DA:19,0
DA:20,0
DA:29,0
DA:36,0
DA:55,0
DA:60,0
DA:65,0
DA:66,0
DA:72,0
DA:74,0
DA:75,0
DA:76,0
DA:77,0
DA:79,0
DA:81,0
DA:86,0
DA:87,0
DA:88,0
DA:89,0
DA:90,0
DA:91,0
DA:96,0
DA:103,0
DA:105,0
DA:106,0
DA:108,0
DA:111,0
DA:113,0
DA:114,0
DA:116,0
DA:120,0
DA:121,0
DA:124,0
DA:126,0
DA:128,0
DA:132,0
LF:37
LH:0
end_of_record
SF:lib/handlers/current_run.dart
DA:36,0
DA:39,0
DA:42,0
DA:45,0
DA:48,0
DA:53,0
DA:54,0
DA:55,0
DA:56,0
DA:57,0
DA:58,0
DA:59,0
DA:60,0
DA:62,0
DA:67,0
DA:68,0
LF:16
LH:0
end_of_record
SF:lib/handlers/history_logs.dart
DA:59,0
DA:61,0
DA:62,0
DA:64,0
DA:78,0
DA:79,0
DA:80,0
DA:82,0
DA:84,0
DA:85,0
DA:86,0
DA:87,0
DA:88,0
DA:89,0
DA:90,0
DA:91,0
DA:92,0
DA:93,0
DA:97,0
DA:98,0
DA:105,0
DA:106,0
DA:109,0
DA:110,0
DA:111,0
DA:112,0
DA:115,0
DA:116,0
DA:117,0
DA:118,0
DA:119,0
DA:120,0
DA:124,0
DA:125,0
DA:127,0
DA:130,0
DA:131,0
DA:132,0
DA:133,0
DA:134,0
DA:137,0
DA:138,0
DA:141,0
DA:142,0
DA:145,0
DA:146,0
DA:147,0
DA:148,0
DA:154,0
DA:155,0
DA:161,0
DA:163,0
DA:164,0
DA:165,0
DA:167,0
DA:168,0
DA:169,0
DA:170,0
DA:172,0
LF:59
LH:0
end_of_record
SF:lib/objects/save_slot.dart
DA:58,1
DA:59,2
DA:60,2
DA:61,2
DA:62,2
DA:63,2
DA:64,2
DA:65,2
DA:66,2
DA:67,2
DA:69,0
DA:79,1
DA:81,0
DA:82,0
DA:84,0
DA:85,0
DA:86,0
DA:87,0
DA:92,0
DA:93,0
DA:94,0
DA:95,0
DA:96,0
DA:97,0
DA:98,0
DA:99,0
DA:100,0
DA:101,0
DA:108,1
DA:109,4
DA:110,4
DA:111,4
DA:112,4
DA:113,4
DA:114,4
DA:115,4
DA:116,4
DA:117,4
DA:118,4
DA:121,0
DA:130,0
LF:41
LH:22
end_of_record
SF:lib/dialogs/log_dialog.dart
DA:10,0
DA:14,0
DA:15,0
DA:17,0
DA:18,0
DA:20,0
DA:21,0
DA:34,0
DA:36,0
DA:38,0
DA:39,0
DA:40,0
DA:41,0
DA:44,0
DA:46,0
DA:47,0
DA:48,0
DA:49,0
DA:51,0
DA:52,0
DA:53,0
DA:59,0
DA:60,0
DA:61,0
DA:62,0
DA:63,0
DA:64,0
DA:65,0
DA:66,0
DA:70,0
DA:71,0
DA:72,0
DA:91,0
DA:92,0
DA:93,0
DA:94,0
DA:95,0
DA:96,0
DA:99,0
DA:100,0
DA:102,0
LF:41
LH:0
end_of_record
SF:lib/dialogs/style.dart
DA:4,0
DA:5,0
DA:6,0
DA:7,0
DA:8,0
DA:9,0
DA:15,0
DA:25,0
DA:27,0
DA:28,0
DA:30,0
DA:31,0
DA:32,0
LF:13
LH:0
end_of_record
SF:lib/handlers/active_device.dart
DA:43,1
DA:44,1
DA:52,1
DA:53,1
DA:54,0
DA:55,0
DA:56,0
DA:57,0
DA:67,0
DA:68,0
DA:69,0
DA:70,0
DA:71,0
DA:74,0
DA:75,0
DA:76,0
DA:78,0
DA:79,0
DA:80,0
DA:84,0
DA:85,0
DA:86,0
DA:88,0
DA:89,0
DA:90,0
DA:93,0
LF:26
LH:4
end_of_record
SF:lib/objects/database_model.dart
DA:23,6
DA:31,1
DA:32,2
DA:43,2
DA:44,4
DA:45,6
DA:57,0
DA:58,0
DA:59,0
DA:62,0
DA:63,0
DA:68,2
DA:69,2
DA:70,2
DA:71,1
DA:73,2
DA:76,0
DA:79,0
DA:85,1
DA:86,1
DA:87,1
DA:88,1
DA:90,1
DA:91,0
DA:96,1
DA:97,1
DA:98,1
DA:99,0
DA:101,1
DA:102,1
DA:104,2
DA:108,1
DA:109,2
DA:110,3
DA:114,0
DA:115,0
DA:116,0
DA:117,0
DA:119,0
DA:120,0
DA:125,1
DA:126,1
DA:127,1
DA:130,0
DA:134,1
DA:135,1
DA:136,1
DA:137,2
DA:141,0
LF:49
LH:32
end_of_record
SF:lib/shared/snacks.dart
DA:4,0
DA:5,0
DA:21,0
DA:26,0
DA:31,0
DA:35,0
DA:36,0
DA:39,0
DA:40,0
DA:43,0
DA:45,0
DA:47,0
DA:48,0
DA:51,0
DA:53,0
DA:55,0
DA:57,0
DA:59,0
DA:61,0
DA:63,0
DA:65,0
DA:67,0
LF:22
LH:0
end_of_record
SF:lib/handlers/registered_devices.dart
DA:35,0
DA:45,1
DA:46,3
DA:47,2
DA:48,0
DA:50,2
DA:51,2
DA:52,2
DA:53,1
DA:57,0
DA:58,0
DA:59,0
DA:60,0
DA:62,0
DA:63,0
DA:64,0
DA:68,0
DA:69,0
DA:70,0
DA:72,0
DA:74,0
DA:75,0
DA:77,0
DA:80,0
DA:81,0
DA:82,0
DA:84,0
DA:85,0
DA:86,0
DA:90,0
DA:91,0
DA:92,0
DA:93,0
DA:95,0
DA:96,0
DA:97,0
LF:36
LH:7
end_of_record
SF:lib/pages/home/run_page.dart
DA:26,48
DA:28,0
DA:29,0
DA:38,0
DA:40,0
DA:43,0
DA:45,0
DA:46,0
DA:47,0
DA:48,0
DA:51,0
DA:52,0
DA:54,0
DA:57,0
DA:58,0
DA:59,0
DA:60,0
DA:62,0
DA:63,0
DA:64,0
DA:65,0
DA:66,0
DA:75,0
DA:76,0
DA:77,0
DA:79,0
DA:80,0
DA:84,0
DA:85,0
DA:86,0
DA:89,0
DA:91,0
DA:92,0
DA:93,0
DA:94,0
DA:98,0
DA:109,0
DA:110,0
DA:111,0
DA:112,0
DA:113,0
DA:114,0
DA:115,0
DA:117,0
DA:119,0
DA:120,0
DA:121,0
DA:122,0
DA:129,0
DA:130,0
DA:131,0
DA:132,0
DA:133,0
DA:135,0
DA:137,0
DA:138,0
DA:139,0
DA:140,0
DA:159,0
DA:163,0
DA:170,12
DA:173,0
DA:175,0
DA:176,0
DA:178,0
DA:179,0
DA:181,0
LF:67
LH:2
end_of_record
SF:lib/shared/maps.dart
DA:3,0
DA:11,0
LF:2
LH:0
end_of_record
SF:lib/pages/alarm_page.dart
DA:8,12
DA:9,0
DA:10,0
DA:14,0
DA:16,0
DA:17,0
DA:18,0
DA:19,0
DA:20,0
DA:21,0
DA:22,0
DA:23,0
DA:24,0
DA:25,0
DA:26,0
DA:27,0
DA:31,0
DA:32,0
DA:34,0
DA:37,0
DA:41,0
DA:42,0
DA:43,0
DA:56,0
LF:24
LH:1
end_of_record
SF:lib/pages/config_page.dart
DA:17,12
DA:18,0
DA:19,0
DA:24,0
DA:26,0
DA:27,0
DA:28,0
DA:29,0
DA:30,0
DA:31,0
DA:32,0
DA:33,0
DA:34,0
DA:35,0
DA:37,0
DA:38,0
DA:41,0
DA:42,0
DA:43,0
DA:44,0
DA:45,0
DA:46,0
DA:49,0
DA:50,0
DA:51,0
DA:52,0
DA:59,0
DA:62,0
DA:66,0
DA:71,0
DA:73,0
DA:76,0
DA:77,0
DA:80,0
DA:81,0
DA:84,0
DA:87,0
DA:90,0
DA:94,0
LF:39
LH:1
end_of_record
SF:lib/pages/home/end_page.dart
DA:14,36
DA:15,0
DA:16,0
DA:22,0
DA:24,0
DA:25,0
DA:26,0
DA:27,0
DA:28,0
DA:32,0
DA:33,0
DA:35,0
DA:36,0
DA:37,0
DA:38,0
DA:39,0
DA:41,0
DA:42,0
DA:45,0
DA:46,0
DA:47,0
DA:50,0
DA:58,0
LF:23
LH:1
end_of_record
SF:lib/pages/home/start_page.dart
DA:45,36
DA:51,0
DA:52,0
DA:56,0
DA:57,0
DA:65,0
DA:67,0
DA:69,0
DA:70,0
DA:71,0
DA:72,0
DA:73,0
DA:75,0
DA:79,0
DA:80,0
DA:81,0
DA:84,0
DA:85,0
DA:86,0
DA:89,0
DA:90,0
DA:92,0
DA:113,0
DA:115,0
DA:116,0
DA:118,0
DA:119,0
DA:120,0
DA:123,0
DA:124,0
DA:125,0
DA:126,0
DA:127,0
DA:128,0
DA:129,0
DA:130,0
DA:131,0
DA:133,0
DA:134,0
DA:135,0
DA:144,0
DA:145,0
DA:147,0
DA:149,0
DA:151,0
DA:153,0
DA:154,0
DA:155,0
DA:156,0
DA:158,0
DA:159,0
DA:163,0
DA:165,0
DA:177,0
DA:178,0
DA:180,0
DA:183,0
DA:184,0
DA:185,0
DA:187,0
DA:188,0
DA:189,0
DA:192,0
DA:193,0
DA:194,0
DA:196,0
DA:199,0
DA:206,0
DA:211,0
DA:220,0
DA:225,0
LF:71
LH:1
end_of_record
SF:lib/pages/login_or_reg_page.dart
DA:27,12
DA:33,0
DA:34,0
DA:53,0
DA:54,0
DA:55,0
DA:59,0
DA:61,0
DA:62,0
DA:64,0
LF:10
LH:1
end_of_record
SF:lib/pages/log_history_page.dart
DA:12,12
DA:13,0
DA:14,0
DA:18,0
DA:20,0
DA:21,0
DA:22,0
DA:23,0
DA:24,0
DA:25,0
DA:26,0
DA:27,0
DA:28,0
DA:29,0
DA:30,0
DA:31,0
DA:32,0
DA:33,0
DA:35,0
DA:36,0
DA:37,0
DA:38,0
DA:39,0
DA:40,0
DA:41,0
DA:48,0
DA:49,0
DA:50,0
DA:51,0
DA:52,0
DA:55,0
DA:57,0
DA:58,0
DA:60,0
DA:61,0
DA:63,0
DA:64,0
DA:65,0
DA:66,0
DA:67,0
DA:75,0
DA:76,0
DA:78,0
DA:81,0
DA:85,0
DA:86,0
DA:87,0
DA:101,0
LF:48
LH:1
end_of_record
SF:lib/pages/sign_in.dart
DA:38,0
DA:41,0
DA:42,0
DA:53,0
DA:54,0
DA:55,0
DA:56,0
DA:57,0
DA:58,0
DA:59,0
DA:60,0
DA:62,0
DA:69,0
DA:70,0
DA:71,0
DA:72,0
DA:78,0
DA:80,0
DA:81,0
DA:82,0
DA:84,0
DA:85,0
DA:86,0
DA:87,0
DA:88,0
DA:90,0
DA:93,0
DA:97,0
DA:99,0
DA:101,0
DA:104,0
DA:109,0
DA:112,0
DA:113,0
DA:114,0
DA:118,0
DA:119,0
DA:120,0
DA:121,0
DA:124,0
DA:127,0
DA:129,0
DA:134,0
DA:135,0
DA:138,0
DA:139,0
DA:147,0
DA:148,0
DA:153,0
DA:154,0
DA:155,0
DA:156,0
DA:157,0
DA:158,0
DA:159,0
DA:161,0
DA:162,0
DA:166,0
DA:167,0
DA:174,0
DA:175,0
DA:176,0
DA:182,0
DA:184,0
DA:185,0
DA:186,0
DA:189,0
DA:191,0
DA:192,0
DA:193,0
DA:194,0
DA:195,0
DA:196,0
DA:197,0
DA:199,0
DA:201,0
DA:202,0
DA:203,0
DA:204,0
DA:205,0
DA:208,0
DA:209,0
DA:210,0
DA:211,0
DA:212,0
DA:214,0
DA:216,0
DA:219,0
DA:221,0
DA:223,0
DA:227,0
DA:228,0
DA:229,0
DA:230,0
DA:232,0
DA:233,0
DA:241,0
DA:242,0
DA:243,0
DA:244,0
DA:246,0
DA:247,0
DA:248,0
DA:249,0
DA:254,0
DA:255,0
DA:258,0
DA:259,0
DA:260,0
DA:265,0
DA:267,0
DA:268,0
DA:269,0
DA:271,0
DA:273,0
DA:274,0
DA:275,0
DA:276,0
DA:277,0
DA:297,0
DA:298,0
DA:300,0
DA:301,0
DA:302,0
DA:303,0
DA:313,0
DA:314,0
DA:317,0
DA:318,0
DA:322,0
DA:323,0
DA:324,0
DA:326,0
DA:327,0
DA:329,0
DA:335,0
DA:337,0
DA:340,0
DA:341,0
DA:342,0
DA:344,0
DA:345,0
DA:346,0
DA:347,0
DA:350,0
DA:356,0
DA:357,0
DA:358,0
DA:361,0
DA:363,0
DA:364,0
DA:365,0
DA:366,0
DA:380,0
DA:381,0
DA:382,0
DA:384,0
DA:385,0
DA:387,0
DA:390,0
DA:391,0
DA:411,0
LF:162
LH:0
end_of_record
SF:lib/pages/register_page.dart
DA:16,0
DA:18,0
DA:19,0
DA:34,0
DA:35,0
DA:36,0
DA:37,0
DA:38,0
DA:39,0
DA:40,0
DA:41,0
DA:43,0
DA:51,0
DA:52,0
DA:53,0
DA:54,0
DA:62,0
DA:63,0
DA:65,0
DA:66,0
DA:67,0
DA:68,0
DA:70,0
DA:71,0
DA:73,0
DA:75,0
DA:77,0
DA:81,0
DA:82,0
DA:89,0
DA:90,0
DA:96,0
DA:97,0
DA:103,0
DA:105,0
DA:106,0
DA:107,0
DA:108,0
DA:109,0
DA:112,0
DA:116,0
DA:117,0
DA:118,0
DA:119,0
DA:120,0
DA:121,0
DA:122,0
DA:124,0
DA:126,0
DA:127,0
DA:128,0
DA:129,0
DA:130,0
DA:133,0
DA:134,0
DA:135,0
DA:136,0
DA:138,0
DA:140,0
DA:143,0
DA:145,0
DA:147,0
DA:151,0
DA:152,0
DA:153,0
DA:156,0
DA:164,0
DA:165,0
DA:166,0
DA:168,0
DA:169,0
DA:177,0
DA:178,0
DA:179,0
DA:181,0
DA:182,0
DA:183,0
DA:184,0
DA:189,0
DA:190,0
DA:193,0
DA:194,0
DA:195,0
DA:200,0
DA:201,0
DA:202,0
DA:204,0
DA:205,0
DA:206,0
DA:207,0
DA:212,0
DA:213,0
DA:216,0
DA:217,0
DA:218,0
DA:238,0
DA:239,0
DA:241,0
DA:242,0
DA:243,0
DA:244,0
DA:254,0
DA:255,0
DA:260,0
DA:261,0
DA:262,0
DA:264,0
DA:265,0
DA:266,0
DA:271,0
DA:274,0
DA:275,0
DA:285,0
DA:286,0
DA:287,0
DA:289,0
DA:290,0
DA:292,0
DA:295,0
DA:296,0
DA:316,0
LF:121
LH:0
end_of_record
SF:lib/pages/reset_password.dart
DA:16,24
DA:17,0
DA:18,0
DA:26,0
DA:27,0
DA:28,0
DA:29,0
DA:30,0
DA:32,0
DA:33,0
DA:35,0
DA:42,0
DA:43,0
DA:50,0
DA:52,0
DA:53,0
DA:56,0
DA:58,0
DA:59,0
DA:60,0
DA:61,0
DA:62,0
DA:63,0
DA:64,0
DA:66,0
DA:68,0
DA:69,0
DA:70,0
DA:71,0
DA:72,0
DA:75,0
DA:76,0
DA:77,0
DA:78,0
DA:79,0
DA:81,0
DA:83,0
DA:86,0
DA:87,0
DA:89,0
DA:91,0
DA:95,0
DA:96,0
DA:97,0
DA:99,0
DA:100,0
DA:108,0
DA:109,0
DA:111,0
DA:112,0
DA:116,0
DA:117,0
DA:127,0
DA:128,0
DA:143,0
DA:145,0
DA:147,0
DA:149,0
DA:153,0
DA:156,0
DA:157,0
DA:158,0
LF:62
LH:1
end_of_record
